mode: set
github.com/jfrog/froggit-go/vcsclient/azurerepos.go:42.91,47.2 4 0
github.com/jfrog/froggit-go/vcsclient/azurerepos.go:49.96,50.37 1 0
github.com/jfrog/froggit-go/vcsclient/azurerepos.go:50.37,52.3 1 0
github.com/jfrog/froggit-go/vcsclient/azurerepos.go:53.2,53.53 1 0
github.com/jfrog/froggit-go/vcsclient/azurerepos.go:57.75,61.2 3 0
github.com/jfrog/froggit-go/vcsclient/azurerepos.go:64.100,66.16 2 0
github.com/jfrog/froggit-go/vcsclient/azurerepos.go:66.16,68.3 1 0
github.com/jfrog/froggit-go/vcsclient/azurerepos.go:69.2,71.16 3 0
github.com/jfrog/froggit-go/vcsclient/azurerepos.go:71.16,73.3 1 0
github.com/jfrog/froggit-go/vcsclient/azurerepos.go:74.2,74.29 1 0
github.com/jfrog/froggit-go/vcsclient/azurerepos.go:74.29,76.3 1 0
github.com/jfrog/froggit-go/vcsclient/azurerepos.go:77.2,77.26 1 0
github.com/jfrog/froggit-go/vcsclient/azurerepos.go:81.103,83.2 1 0
github.com/jfrog/froggit-go/vcsclient/azurerepos.go:86.107,88.16 2 0
github.com/jfrog/froggit-go/vcsclient/azurerepos.go:88.16,90.3 1 0
github.com/jfrog/froggit-go/vcsclient/azurerepos.go:91.2,93.16 3 0
github.com/jfrog/froggit-go/vcsclient/azurerepos.go:93.16,95.3 1 0
github.com/jfrog/froggit-go/vcsclient/azurerepos.go:96.2,96.41 1 0
github.com/jfrog/froggit-go/vcsclient/azurerepos.go:96.41,98.3 1 0
github.com/jfrog/froggit-go/vcsclient/azurerepos.go:99.2,99.22 1 0
github.com/jfrog/froggit-go/vcsclient/azurerepos.go:103.130,105.16 2 0
github.com/jfrog/froggit-go/vcsclient/azurerepos.go:105.16,107.3 1 0
github.com/jfrog/froggit-go/vcsclient/azurerepos.go:109.2,109.43 1 0
github.com/jfrog/froggit-go/vcsclient/azurerepos.go:109.43,111.3 1 0
github.com/jfrog/froggit-go/vcsclient/azurerepos.go:112.2,112.15 1 0
github.com/jfrog/froggit-go/vcsclient/azurerepos.go:112.15,114.3 1 0
github.com/jfrog/froggit-go/vcsclient/azurerepos.go:115.2,116.15 2 0
github.com/jfrog/froggit-go/vcsclient/azurerepos.go:116.15,117.22 1 0
github.com/jfrog/froggit-go/vcsclient/azurerepos.go:117.22,119.4 1 0
github.com/jfrog/froggit-go/vcsclient/azurerepos.go:121.2,121.16 1 0
github.com/jfrog/froggit-go/vcsclient/azurerepos.go:121.16,123.3 1 0
github.com/jfrog/froggit-go/vcsclient/azurerepos.go:124.2,125.16 2 0
github.com/jfrog/froggit-go/vcsclient/azurerepos.go:125.16,127.3 1 0
github.com/jfrog/froggit-go/vcsclient/azurerepos.go:128.2,129.16 2 0
github.com/jfrog/froggit-go/vcsclient/azurerepos.go:129.16,131.3 1 0
github.com/jfrog/froggit-go/vcsclient/azurerepos.go:132.2,134.16 3 0
github.com/jfrog/froggit-go/vcsclient/azurerepos.go:134.16,136.3 1 0
github.com/jfrog/froggit-go/vcsclient/azurerepos.go:137.2,142.17 2 0
github.com/jfrog/froggit-go/vcsclient/azurerepos.go:145.144,160.98 6 0
github.com/jfrog/froggit-go/vcsclient/azurerepos.go:160.98,162.3 1 0
github.com/jfrog/froggit-go/vcsclient/azurerepos.go:163.2,163.32 1 0
github.com/jfrog/froggit-go/vcsclient/azurerepos.go:163.32,165.3 1 0
github.com/jfrog/froggit-go/vcsclient/azurerepos.go:166.2,166.47 1 0
github.com/jfrog/froggit-go/vcsclient/azurerepos.go:166.47,168.3 1 0
github.com/jfrog/froggit-go/vcsclient/azurerepos.go:169.2,169.80 1 0
github.com/jfrog/froggit-go/vcsclient/azurerepos.go:169.80,171.3 1 0
github.com/jfrog/froggit-go/vcsclient/azurerepos.go:172.2,173.8 2 0
github.com/jfrog/froggit-go/vcsclient/azurerepos.go:176.70,178.2 1 0
github.com/jfrog/froggit-go/vcsclient/azurerepos.go:180.70,182.2 1 0
github.com/jfrog/froggit-go/vcsclient/azurerepos.go:185.148,187.16 2 0
github.com/jfrog/froggit-go/vcsclient/azurerepos.go:187.16,189.3 1 0
github.com/jfrog/froggit-go/vcsclient/azurerepos.go:190.2,203.12 5 0
github.com/jfrog/froggit-go/vcsclient/azurerepos.go:207.174,209.16 2 0
github.com/jfrog/froggit-go/vcsclient/azurerepos.go:209.16,211.3 1 0
github.com/jfrog/froggit-go/vcsclient/azurerepos.go:212.2,225.12 4 0
github.com/jfrog/froggit-go/vcsclient/azurerepos.go:229.132,231.2 1 0
github.com/jfrog/froggit-go/vcsclient/azurerepos.go:234.162,235.24 1 0
github.com/jfrog/froggit-go/vcsclient/azurerepos.go:235.24,237.3 1 0
github.com/jfrog/froggit-go/vcsclient/azurerepos.go:238.2,238.35 1 0
github.com/jfrog/froggit-go/vcsclient/azurerepos.go:238.35,239.95 1 0
github.com/jfrog/froggit-go/vcsclient/azurerepos.go:239.95,241.4 1 0
github.com/jfrog/froggit-go/vcsclient/azurerepos.go:243.2,243.12 1 0
github.com/jfrog/froggit-go/vcsclient/azurerepos.go:246.148,248.16 2 0
github.com/jfrog/froggit-go/vcsclient/azurerepos.go:248.16,250.3 1 0
github.com/jfrog/froggit-go/vcsclient/azurerepos.go:251.2,253.12 3 0
github.com/jfrog/froggit-go/vcsclient/azurerepos.go:256.107,274.2 2 0
github.com/jfrog/froggit-go/vcsclient/azurerepos.go:276.158,278.16 2 0
github.com/jfrog/froggit-go/vcsclient/azurerepos.go:278.16,280.3 1 0
github.com/jfrog/froggit-go/vcsclient/azurerepos.go:282.2,287.16 2 0
github.com/jfrog/froggit-go/vcsclient/azurerepos.go:287.16,289.3 1 0
github.com/jfrog/froggit-go/vcsclient/azurerepos.go:291.2,292.38 2 0
github.com/jfrog/froggit-go/vcsclient/azurerepos.go:292.38,294.17 2 0
github.com/jfrog/froggit-go/vcsclient/azurerepos.go:294.17,296.4 1 0
github.com/jfrog/froggit-go/vcsclient/azurerepos.go:297.3,301.5 1 0
github.com/jfrog/froggit-go/vcsclient/azurerepos.go:304.2,304.21 1 0
github.com/jfrog/froggit-go/vcsclient/azurerepos.go:307.162,309.2 1 0
github.com/jfrog/froggit-go/vcsclient/azurerepos.go:312.152,314.2 1 0
github.com/jfrog/froggit-go/vcsclient/azurerepos.go:317.142,319.16 2 0
github.com/jfrog/froggit-go/vcsclient/azurerepos.go:319.16,321.3 1 0
github.com/jfrog/froggit-go/vcsclient/azurerepos.go:322.2,327.16 2 0
github.com/jfrog/froggit-go/vcsclient/azurerepos.go:327.16,329.3 1 0
github.com/jfrog/froggit-go/vcsclient/azurerepos.go:330.2,331.34 2 0
github.com/jfrog/froggit-go/vcsclient/azurerepos.go:331.34,332.51 1 0
github.com/jfrog/froggit-go/vcsclient/azurerepos.go:332.51,333.12 1 0
github.com/jfrog/froggit-go/vcsclient/azurerepos.go:335.3,336.44 2 0
github.com/jfrog/froggit-go/vcsclient/azurerepos.go:336.44,337.54 1 0
github.com/jfrog/froggit-go/vcsclient/azurerepos.go:337.54,338.13 1 0
github.com/jfrog/froggit-go/vcsclient/azurerepos.go:340.4,345.18 2 0
github.com/jfrog/froggit-go/vcsclient/azurerepos.go:345.18,347.5 1 0
github.com/jfrog/froggit-go/vcsclient/azurerepos.go:349.3,353.5 1 0
github.com/jfrog/froggit-go/vcsclient/azurerepos.go:355.2,355.25 1 0
github.com/jfrog/froggit-go/vcsclient/azurerepos.go:359.162,360.35 1 0
github.com/jfrog/froggit-go/vcsclient/azurerepos.go:360.35,361.113 1 0
github.com/jfrog/froggit-go/vcsclient/azurerepos.go:361.113,363.4 1 0
github.com/jfrog/froggit-go/vcsclient/azurerepos.go:365.2,365.12 1 0
github.com/jfrog/froggit-go/vcsclient/azurerepos.go:369.137,371.16 2 0
github.com/jfrog/froggit-go/vcsclient/azurerepos.go:371.16,373.3 1 0
github.com/jfrog/froggit-go/vcsclient/azurerepos.go:374.2,381.4 2 0
github.com/jfrog/froggit-go/vcsclient/azurerepos.go:385.136,387.2 1 0
github.com/jfrog/froggit-go/vcsclient/azurerepos.go:390.128,392.2 1 0
github.com/jfrog/froggit-go/vcsclient/azurerepos.go:394.142,396.16 2 0
github.com/jfrog/froggit-go/vcsclient/azurerepos.go:396.16,398.3 1 0
github.com/jfrog/froggit-go/vcsclient/azurerepos.go:399.2,405.16 3 0
github.com/jfrog/froggit-go/vcsclient/azurerepos.go:405.16,407.3 1 0
github.com/jfrog/froggit-go/vcsclient/azurerepos.go:408.2,409.44 2 0
github.com/jfrog/froggit-go/vcsclient/azurerepos.go:409.44,412.3 2 0
github.com/jfrog/froggit-go/vcsclient/azurerepos.go:413.2,413.30 1 0
github.com/jfrog/froggit-go/vcsclient/azurerepos.go:417.163,419.16 2 0
github.com/jfrog/froggit-go/vcsclient/azurerepos.go:419.16,421.3 1 0
github.com/jfrog/froggit-go/vcsclient/azurerepos.go:422.2,427.16 3 0
github.com/jfrog/froggit-go/vcsclient/azurerepos.go:427.16,429.3 1 0
github.com/jfrog/froggit-go/vcsclient/azurerepos.go:430.2,431.8 2 0
github.com/jfrog/froggit-go/vcsclient/azurerepos.go:435.121,437.2 1 0
github.com/jfrog/froggit-go/vcsclient/azurerepos.go:440.125,442.2 1 0
github.com/jfrog/froggit-go/vcsclient/azurerepos.go:445.140,447.2 1 0
github.com/jfrog/froggit-go/vcsclient/azurerepos.go:450.120,452.16 2 0
github.com/jfrog/froggit-go/vcsclient/azurerepos.go:452.16,454.3 1 0
github.com/jfrog/froggit-go/vcsclient/azurerepos.go:456.2,457.26 2 0
github.com/jfrog/froggit-go/vcsclient/azurerepos.go:457.26,459.3 1 0
github.com/jfrog/froggit-go/vcsclient/azurerepos.go:460.2,460.26 1 0
github.com/jfrog/froggit-go/vcsclient/azurerepos.go:464.117,466.16 2 0
github.com/jfrog/froggit-go/vcsclient/azurerepos.go:466.16,468.3 1 0
github.com/jfrog/froggit-go/vcsclient/azurerepos.go:469.2,474.16 2 0
github.com/jfrog/froggit-go/vcsclient/azurerepos.go:474.16,476.3 1 0
github.com/jfrog/froggit-go/vcsclient/azurerepos.go:477.2,477.20 1 0
github.com/jfrog/froggit-go/vcsclient/azurerepos.go:477.20,479.3 1 0
github.com/jfrog/froggit-go/vcsclient/azurerepos.go:481.2,482.34 2 0
github.com/jfrog/froggit-go/vcsclient/azurerepos.go:482.34,485.3 2 0
github.com/jfrog/froggit-go/vcsclient/azurerepos.go:486.2,486.25 1 0
github.com/jfrog/froggit-go/vcsclient/azurerepos.go:489.161,491.2 1 0
github.com/jfrog/froggit-go/vcsclient/azurerepos.go:493.75,495.26 2 0
github.com/jfrog/froggit-go/vcsclient/azurerepos.go:495.26,498.3 2 0
github.com/jfrog/froggit-go/vcsclient/azurerepos.go:499.2,501.29 3 0
github.com/jfrog/froggit-go/vcsclient/azurerepos.go:501.29,504.3 2 0
github.com/jfrog/froggit-go/vcsclient/azurerepos.go:505.2,514.3 1 0
github.com/jfrog/froggit-go/vcsclient/azurerepos.go:517.60,519.2 1 0
github.com/jfrog/froggit-go/vcsclient/azurerepos.go:522.151,524.2 1 0
github.com/jfrog/froggit-go/vcsclient/azurerepos.go:527.122,529.16 2 0
github.com/jfrog/froggit-go/vcsclient/azurerepos.go:529.16,531.3 1 0
github.com/jfrog/froggit-go/vcsclient/azurerepos.go:532.2,536.16 2 0
github.com/jfrog/froggit-go/vcsclient/azurerepos.go:536.16,538.3 1 0
github.com/jfrog/froggit-go/vcsclient/azurerepos.go:539.2,539.21 1 0
github.com/jfrog/froggit-go/vcsclient/azurerepos.go:539.21,541.3 1 0
github.com/jfrog/froggit-go/vcsclient/azurerepos.go:542.2,542.29 1 0
github.com/jfrog/froggit-go/vcsclient/azurerepos.go:542.29,544.3 1 0
github.com/jfrog/froggit-go/vcsclient/azurerepos.go:545.2,545.31 1 0
github.com/jfrog/froggit-go/vcsclient/azurerepos.go:545.31,547.3 1 0
github.com/jfrog/froggit-go/vcsclient/azurerepos.go:548.2,548.28 1 0
github.com/jfrog/froggit-go/vcsclient/azurerepos.go:548.28,550.3 1 0
github.com/jfrog/froggit-go/vcsclient/azurerepos.go:552.2,554.67 3 0
github.com/jfrog/froggit-go/vcsclient/azurerepos.go:554.67,556.3 1 0
github.com/jfrog/froggit-go/vcsclient/azurerepos.go:558.2,559.31 2 0
github.com/jfrog/froggit-go/vcsclient/azurerepos.go:559.31,561.3 1 0
github.com/jfrog/froggit-go/vcsclient/azurerepos.go:561.8,563.3 1 0
github.com/jfrog/froggit-go/vcsclient/azurerepos.go:565.2,565.28 1 0
github.com/jfrog/froggit-go/vcsclient/azurerepos.go:565.28,567.3 1 0
github.com/jfrog/froggit-go/vcsclient/azurerepos.go:567.8,569.3 1 0
github.com/jfrog/froggit-go/vcsclient/azurerepos.go:571.2,574.8 1 0
github.com/jfrog/froggit-go/vcsclient/azurerepos.go:578.120,580.2 1 0
github.com/jfrog/froggit-go/vcsclient/azurerepos.go:583.119,585.2 1 0
github.com/jfrog/froggit-go/vcsclient/azurerepos.go:588.115,590.2 1 0
github.com/jfrog/froggit-go/vcsclient/azurerepos.go:593.139,595.2 1 0
github.com/jfrog/froggit-go/vcsclient/azurerepos.go:598.130,600.2 1 0
github.com/jfrog/froggit-go/vcsclient/azurerepos.go:603.136,605.2 1 0
github.com/jfrog/froggit-go/vcsclient/azurerepos.go:608.178,610.2 1 0
github.com/jfrog/froggit-go/vcsclient/azurerepos.go:613.178,615.2 1 0
github.com/jfrog/froggit-go/vcsclient/azurerepos.go:618.111,620.2 1 0
github.com/jfrog/froggit-go/vcsclient/azurerepos.go:623.166,625.16 2 0
github.com/jfrog/froggit-go/vcsclient/azurerepos.go:625.16,627.3 1 0
github.com/jfrog/froggit-go/vcsclient/azurerepos.go:628.2,644.12 4 0
github.com/jfrog/froggit-go/vcsclient/azurerepos.go:648.142,650.16 2 0
github.com/jfrog/froggit-go/vcsclient/azurerepos.go:650.16,652.3 1 0
github.com/jfrog/froggit-go/vcsclient/azurerepos.go:653.2,659.16 3 0
github.com/jfrog/froggit-go/vcsclient/azurerepos.go:659.16,661.3 1 0
github.com/jfrog/froggit-go/vcsclient/azurerepos.go:662.2,663.45 2 0
github.com/jfrog/froggit-go/vcsclient/azurerepos.go:663.45,672.3 1 0
github.com/jfrog/froggit-go/vcsclient/azurerepos.go:673.2,673.21 1 0
github.com/jfrog/froggit-go/vcsclient/azurerepos.go:677.136,682.17 1 0
github.com/jfrog/froggit-go/vcsclient/azurerepos.go:682.17,684.3 1 0
github.com/jfrog/froggit-go/vcsclient/azurerepos.go:686.2,687.16 2 0
github.com/jfrog/froggit-go/vcsclient/azurerepos.go:687.16,689.3 1 0
github.com/jfrog/froggit-go/vcsclient/azurerepos.go:691.2,699.16 3 0
github.com/jfrog/froggit-go/vcsclient/azurerepos.go:699.16,701.3 1 0
github.com/jfrog/froggit-go/vcsclient/azurerepos.go:703.2,706.16 3 0
github.com/jfrog/froggit-go/vcsclient/azurerepos.go:706.16,708.3 1 0
github.com/jfrog/froggit-go/vcsclient/azurerepos.go:709.2,709.37 1 0
github.com/jfrog/froggit-go/vcsclient/azurerepos.go:713.150,715.2 1 0
github.com/jfrog/froggit-go/vcsclient/azurerepos.go:717.132,722.17 1 0
github.com/jfrog/froggit-go/vcsclient/azurerepos.go:722.17,724.3 1 0
github.com/jfrog/froggit-go/vcsclient/azurerepos.go:726.2,727.16 2 0
github.com/jfrog/froggit-go/vcsclient/azurerepos.go:727.16,729.3 1 0
github.com/jfrog/froggit-go/vcsclient/azurerepos.go:731.2,735.28 4 0
github.com/jfrog/froggit-go/vcsclient/azurerepos.go:735.28,745.17 2 0
github.com/jfrog/froggit-go/vcsclient/azurerepos.go:745.17,747.4 1 0
github.com/jfrog/froggit-go/vcsclient/azurerepos.go:749.3,750.38 2 0
github.com/jfrog/froggit-go/vcsclient/azurerepos.go:750.38,752.4 1 0
github.com/jfrog/froggit-go/vcsclient/azurerepos.go:752.9,754.4 1 0
github.com/jfrog/froggit-go/vcsclient/azurerepos.go:756.3,756.37 1 0
github.com/jfrog/froggit-go/vcsclient/azurerepos.go:756.37,758.18 2 0
github.com/jfrog/froggit-go/vcsclient/azurerepos.go:758.18,760.5 1 0
github.com/jfrog/froggit-go/vcsclient/azurerepos.go:762.4,763.18 2 0
github.com/jfrog/froggit-go/vcsclient/azurerepos.go:763.18,765.5 1 0
github.com/jfrog/froggit-go/vcsclient/azurerepos.go:767.4,767.91 1 0
github.com/jfrog/froggit-go/vcsclient/azurerepos.go:767.91,769.13 1 0
github.com/jfrog/froggit-go/vcsclient/azurerepos.go:774.4,774.89 1 0
github.com/jfrog/froggit-go/vcsclient/azurerepos.go:777.2,780.27 4 0
github.com/jfrog/froggit-go/vcsclient/azurerepos.go:783.124,785.2 1 0
github.com/jfrog/froggit-go/vcsclient/azurerepos.go:787.89,789.2 1 0
github.com/jfrog/froggit-go/vcsclient/azurerepos.go:791.121,793.2 1 0
github.com/jfrog/froggit-go/vcsclient/azurerepos.go:795.121,797.2 1 0
github.com/jfrog/froggit-go/vcsclient/azurerepos.go:799.175,801.2 1 0
github.com/jfrog/froggit-go/vcsclient/azurerepos.go:803.138,805.2 1 0
github.com/jfrog/froggit-go/vcsclient/azurerepos.go:807.139,809.2 1 0
github.com/jfrog/froggit-go/vcsclient/azurerepos.go:811.146,813.2 1 0
github.com/jfrog/froggit-go/vcsclient/azurerepos.go:815.133,817.2 1 0
github.com/jfrog/froggit-go/vcsclient/azurerepos.go:819.186,821.2 1 0
github.com/jfrog/froggit-go/vcsclient/azurerepos.go:823.136,825.2 1 0
github.com/jfrog/froggit-go/vcsclient/azurerepos.go:827.145,834.32 5 0
github.com/jfrog/froggit-go/vcsclient/azurerepos.go:834.32,836.3 1 0
github.com/jfrog/froggit-go/vcsclient/azurerepos.go:839.2,840.35 2 0
github.com/jfrog/froggit-go/vcsclient/azurerepos.go:840.35,841.101 1 0
github.com/jfrog/froggit-go/vcsclient/azurerepos.go:841.101,843.4 1 0
github.com/jfrog/froggit-go/vcsclient/azurerepos.go:845.2,861.3 1 0
github.com/jfrog/froggit-go/vcsclient/azurerepos.go:865.70,866.88 1 0
github.com/jfrog/froggit-go/vcsclient/azurerepos.go:866.88,868.3 1 0
github.com/jfrog/froggit-go/vcsclient/azurerepos.go:869.2,870.49 2 0
github.com/jfrog/froggit-go/vcsclient/azurerepos.go:870.49,872.3 1 0
github.com/jfrog/froggit-go/vcsclient/azurerepos.go:873.2,874.14 2 0
github.com/jfrog/froggit-go/vcsclient/azurerepos.go:878.52,886.2 2 0
github.com/jfrog/froggit-go/vcsclient/azurerepos.go:888.76,889.22 1 0
github.com/jfrog/froggit-go/vcsclient/azurerepos.go:889.22,891.3 1 0
github.com/jfrog/froggit-go/vcsclient/azurerepos.go:892.2,892.49 1 0
github.com/jfrog/froggit-go/vcsclient/azurerepos.go:895.87,896.15 1 0
github.com/jfrog/froggit-go/vcsclient/azurerepos.go:897.21,898.45 1 0
github.com/jfrog/froggit-go/vcsclient/azurerepos.go:899.23,900.48 1 0
github.com/jfrog/froggit-go/vcsclient/azurerepos.go:901.10,902.13 1 0
github.com/jfrog/froggit-go/vcsclient/azurerepos.go:906.38,907.14 1 0
github.com/jfrog/froggit-go/vcsclient/azurerepos.go:908.10,909.20 1 0
github.com/jfrog/froggit-go/vcsclient/azurerepos.go:910.9,911.37 1 0
github.com/jfrog/froggit-go/vcsclient/azurerepos.go:912.10,913.29 1 0
github.com/jfrog/froggit-go/vcsclient/azurerepos.go:914.11,915.20 1 0
github.com/jfrog/froggit-go/vcsclient/azurerepos.go:916.10,917.19 1 0
github.com/jfrog/froggit-go/vcsclient/azurerepos.go:922.87,924.2 1 0
github.com/jfrog/froggit-go/vcsclient/azurerepos.go:927.97,929.2 1 0
github.com/jfrog/froggit-go/vcsclient/bitbucketcloud.go:32.99,37.31 2 0
github.com/jfrog/froggit-go/vcsclient/bitbucketcloud.go:37.31,39.17 2 0
github.com/jfrog/froggit-go/vcsclient/bitbucketcloud.go:39.17,41.4 1 0
github.com/jfrog/froggit-go/vcsclient/bitbucketcloud.go:42.3,42.28 1 0
github.com/jfrog/froggit-go/vcsclient/bitbucketcloud.go:44.2,44.29 1 0
github.com/jfrog/froggit-go/vcsclient/bitbucketcloud.go:47.100,49.23 2 0
github.com/jfrog/froggit-go/vcsclient/bitbucketcloud.go:49.23,51.3 1 0
github.com/jfrog/froggit-go/vcsclient/bitbucketcloud.go:52.2,52.24 1 0
github.com/jfrog/froggit-go/vcsclient/bitbucketcloud.go:56.79,60.2 3 0
github.com/jfrog/froggit-go/vcsclient/bitbucketcloud.go:63.104,67.16 4 0
github.com/jfrog/froggit-go/vcsclient/bitbucketcloud.go:67.16,69.3 1 0
github.com/jfrog/froggit-go/vcsclient/bitbucketcloud.go:70.2,70.50 1 0
github.com/jfrog/froggit-go/vcsclient/bitbucketcloud.go:70.50,72.17 2 0
github.com/jfrog/froggit-go/vcsclient/bitbucketcloud.go:72.17,74.4 1 0
github.com/jfrog/froggit-go/vcsclient/bitbucketcloud.go:75.3,75.46 1 0
github.com/jfrog/froggit-go/vcsclient/bitbucketcloud.go:75.46,77.4 1 0
github.com/jfrog/froggit-go/vcsclient/bitbucketcloud.go:79.2,79.21 1 0
github.com/jfrog/froggit-go/vcsclient/bitbucketcloud.go:83.115,86.16 3 0
github.com/jfrog/froggit-go/vcsclient/bitbucketcloud.go:86.16,88.3 1 0
github.com/jfrog/froggit-go/vcsclient/bitbucketcloud.go:90.2,91.43 2 0
github.com/jfrog/froggit-go/vcsclient/bitbucketcloud.go:91.43,93.3 1 0
github.com/jfrog/froggit-go/vcsclient/bitbucketcloud.go:94.2,94.21 1 0
github.com/jfrog/froggit-go/vcsclient/bitbucketcloud.go:98.152,105.16 2 0
github.com/jfrog/froggit-go/vcsclient/bitbucketcloud.go:105.16,107.3 1 0
github.com/jfrog/froggit-go/vcsclient/bitbucketcloud.go:108.2,109.20 2 0
github.com/jfrog/froggit-go/vcsclient/bitbucketcloud.go:109.20,111.3 1 0
github.com/jfrog/froggit-go/vcsclient/bitbucketcloud.go:112.2,120.16 5 0
github.com/jfrog/froggit-go/vcsclient/bitbucketcloud.go:120.16,122.3 1 0
github.com/jfrog/froggit-go/vcsclient/bitbucketcloud.go:123.2,124.16 2 0
github.com/jfrog/froggit-go/vcsclient/bitbucketcloud.go:124.16,126.3 1 0
github.com/jfrog/froggit-go/vcsclient/bitbucketcloud.go:127.2,132.16 5 0
github.com/jfrog/froggit-go/vcsclient/bitbucketcloud.go:132.16,134.3 1 0
github.com/jfrog/froggit-go/vcsclient/bitbucketcloud.go:135.2,135.15 1 0
github.com/jfrog/froggit-go/vcsclient/bitbucketcloud.go:135.15,137.3 1 0
github.com/jfrog/froggit-go/vcsclient/bitbucketcloud.go:139.2,139.32 1 0
github.com/jfrog/froggit-go/vcsclient/bitbucketcloud.go:139.32,141.3 1 0
github.com/jfrog/froggit-go/vcsclient/bitbucketcloud.go:142.2,142.8 1 0
github.com/jfrog/froggit-go/vcsclient/bitbucketcloud.go:152.66,163.16 5 0
github.com/jfrog/froggit-go/vcsclient/bitbucketcloud.go:163.16,165.3 1 0
github.com/jfrog/froggit-go/vcsclient/bitbucketcloud.go:166.2,167.16 2 0
github.com/jfrog/froggit-go/vcsclient/bitbucketcloud.go:167.16,169.3 1 0
github.com/jfrog/froggit-go/vcsclient/bitbucketcloud.go:170.2,170.23 1 0
github.com/jfrog/froggit-go/vcsclient/bitbucketcloud.go:175.66,187.2 4 0
github.com/jfrog/froggit-go/vcsclient/bitbucketcloud.go:190.115,199.2 4 0
github.com/jfrog/froggit-go/vcsclient/bitbucketcloud.go:203.52,218.2 5 0
github.com/jfrog/froggit-go/vcsclient/bitbucketcloud.go:221.146,229.16 4 0
github.com/jfrog/froggit-go/vcsclient/bitbucketcloud.go:229.16,231.3 1 0
github.com/jfrog/froggit-go/vcsclient/bitbucketcloud.go:232.2,233.16 2 0
github.com/jfrog/froggit-go/vcsclient/bitbucketcloud.go:233.16,235.3 1 0
github.com/jfrog/froggit-go/vcsclient/bitbucketcloud.go:236.2,236.21 1 0
github.com/jfrog/froggit-go/vcsclient/bitbucketcloud.go:241.26,248.16 4 0
github.com/jfrog/froggit-go/vcsclient/bitbucketcloud.go:248.16,250.3 1 0
github.com/jfrog/froggit-go/vcsclient/bitbucketcloud.go:252.2,253.16 2 0
github.com/jfrog/froggit-go/vcsclient/bitbucketcloud.go:253.16,255.3 1 0
github.com/jfrog/froggit-go/vcsclient/bitbucketcloud.go:256.2,258.16 3 0
github.com/jfrog/froggit-go/vcsclient/bitbucketcloud.go:258.16,260.3 1 0
github.com/jfrog/froggit-go/vcsclient/bitbucketcloud.go:261.2,261.71 1 0
github.com/jfrog/froggit-go/vcsclient/bitbucketcloud.go:261.71,263.3 1 0
github.com/jfrog/froggit-go/vcsclient/bitbucketcloud.go:265.2,266.16 2 0
github.com/jfrog/froggit-go/vcsclient/bitbucketcloud.go:266.16,268.3 1 0
github.com/jfrog/froggit-go/vcsclient/bitbucketcloud.go:269.2,269.85 1 0
github.com/jfrog/froggit-go/vcsclient/bitbucketcloud.go:269.85,271.3 1 0
github.com/jfrog/froggit-go/vcsclient/bitbucketcloud.go:272.2,274.16 3 0
github.com/jfrog/froggit-go/vcsclient/bitbucketcloud.go:274.16,276.3 1 0
github.com/jfrog/froggit-go/vcsclient/bitbucketcloud.go:277.2,279.16 3 0
github.com/jfrog/froggit-go/vcsclient/bitbucketcloud.go:279.16,281.3 1 0
github.com/jfrog/froggit-go/vcsclient/bitbucketcloud.go:283.2,283.98 1 0
github.com/jfrog/froggit-go/vcsclient/bitbucketcloud.go:286.74,288.2 1 0
github.com/jfrog/froggit-go/vcsclient/bitbucketcloud.go:290.74,292.2 1 0
github.com/jfrog/froggit-go/vcsclient/bitbucketcloud.go:296.49,310.2 5 0
github.com/jfrog/froggit-go/vcsclient/bitbucketcloud.go:313.182,328.2 5 0
github.com/jfrog/froggit-go/vcsclient/bitbucketcloud.go:331.148,333.2 1 0
github.com/jfrog/froggit-go/vcsclient/bitbucketcloud.go:336.140,338.2 1 0
github.com/jfrog/froggit-go/vcsclient/bitbucketcloud.go:340.154,342.16 2 0
github.com/jfrog/froggit-go/vcsclient/bitbucketcloud.go:342.16,344.3 1 0
github.com/jfrog/froggit-go/vcsclient/bitbucketcloud.go:345.2,353.16 5 0
github.com/jfrog/froggit-go/vcsclient/bitbucketcloud.go:353.16,355.3 1 0
github.com/jfrog/froggit-go/vcsclient/bitbucketcloud.go:356.2,357.16 2 0
github.com/jfrog/froggit-go/vcsclient/bitbucketcloud.go:357.16,359.3 1 0
github.com/jfrog/froggit-go/vcsclient/bitbucketcloud.go:360.2,360.90 1 0
github.com/jfrog/froggit-go/vcsclient/bitbucketcloud.go:364.133,366.2 1 0
github.com/jfrog/froggit-go/vcsclient/bitbucketcloud.go:369.137,371.2 1 0
github.com/jfrog/froggit-go/vcsclient/bitbucketcloud.go:373.167,375.16 2 0
github.com/jfrog/froggit-go/vcsclient/bitbucketcloud.go:375.16,377.3 1 0
github.com/jfrog/froggit-go/vcsclient/bitbucketcloud.go:378.2,387.16 6 0
github.com/jfrog/froggit-go/vcsclient/bitbucketcloud.go:387.16,389.3 1 0
github.com/jfrog/froggit-go/vcsclient/bitbucketcloud.go:390.2,391.16 2 0
github.com/jfrog/froggit-go/vcsclient/bitbucketcloud.go:391.16,393.3 1 0
github.com/jfrog/froggit-go/vcsclient/bitbucketcloud.go:395.2,413.8 4 0
github.com/jfrog/froggit-go/vcsclient/bitbucketcloud.go:417.144,419.2 1 0
github.com/jfrog/froggit-go/vcsclient/bitbucketcloud.go:422.140,424.16 2 0
github.com/jfrog/froggit-go/vcsclient/bitbucketcloud.go:424.16,426.3 1 0
github.com/jfrog/froggit-go/vcsclient/bitbucketcloud.go:427.2,435.12 4 0
github.com/jfrog/froggit-go/vcsclient/bitbucketcloud.go:439.136,441.2 1 0
github.com/jfrog/froggit-go/vcsclient/bitbucketcloud.go:444.129,446.2 1 0
github.com/jfrog/froggit-go/vcsclient/bitbucketcloud.go:448.162,450.16 2 0
github.com/jfrog/froggit-go/vcsclient/bitbucketcloud.go:450.16,452.3 1 0
github.com/jfrog/froggit-go/vcsclient/bitbucketcloud.go:454.2,462.16 4 0
github.com/jfrog/froggit-go/vcsclient/bitbucketcloud.go:462.16,464.3 1 0
github.com/jfrog/froggit-go/vcsclient/bitbucketcloud.go:466.2,467.16 2 0
github.com/jfrog/froggit-go/vcsclient/bitbucketcloud.go:467.16,469.3 1 0
github.com/jfrog/froggit-go/vcsclient/bitbucketcloud.go:471.2,472.48 2 0
github.com/jfrog/froggit-go/vcsclient/bitbucketcloud.go:472.48,481.3 1 0
github.com/jfrog/froggit-go/vcsclient/bitbucketcloud.go:483.2,483.25 1 0
github.com/jfrog/froggit-go/vcsclient/bitbucketcloud.go:486.159,488.2 1 0
github.com/jfrog/froggit-go/vcsclient/bitbucketcloud.go:491.158,493.16 2 0
github.com/jfrog/froggit-go/vcsclient/bitbucketcloud.go:493.16,495.3 1 0
github.com/jfrog/froggit-go/vcsclient/bitbucketcloud.go:496.2,503.16 4 0
github.com/jfrog/froggit-go/vcsclient/bitbucketcloud.go:503.16,505.3 1 0
github.com/jfrog/froggit-go/vcsclient/bitbucketcloud.go:506.2,507.16 2 0
github.com/jfrog/froggit-go/vcsclient/bitbucketcloud.go:507.16,509.3 1 0
github.com/jfrog/froggit-go/vcsclient/bitbucketcloud.go:510.2,510.68 1 0
github.com/jfrog/froggit-go/vcsclient/bitbucketcloud.go:514.132,516.2 1 0
github.com/jfrog/froggit-go/vcsclient/bitbucketcloud.go:519.110,521.2 1 0
github.com/jfrog/froggit-go/vcsclient/bitbucketcloud.go:524.128,530.16 2 0
github.com/jfrog/froggit-go/vcsclient/bitbucketcloud.go:530.16,532.3 1 0
github.com/jfrog/froggit-go/vcsclient/bitbucketcloud.go:533.2,541.16 5 0
github.com/jfrog/froggit-go/vcsclient/bitbucketcloud.go:541.16,543.3 1 0
github.com/jfrog/froggit-go/vcsclient/bitbucketcloud.go:544.2,545.16 2 0
github.com/jfrog/froggit-go/vcsclient/bitbucketcloud.go:545.16,547.3 1 0
github.com/jfrog/froggit-go/vcsclient/bitbucketcloud.go:548.2,548.35 1 0
github.com/jfrog/froggit-go/vcsclient/bitbucketcloud.go:548.35,551.3 2 0
github.com/jfrog/froggit-go/vcsclient/bitbucketcloud.go:552.2,552.26 1 0
github.com/jfrog/froggit-go/vcsclient/bitbucketcloud.go:556.105,558.2 1 0
github.com/jfrog/froggit-go/vcsclient/bitbucketcloud.go:560.169,562.2 1 0
github.com/jfrog/froggit-go/vcsclient/bitbucketcloud.go:565.126,566.112 1 0
github.com/jfrog/froggit-go/vcsclient/bitbucketcloud.go:566.112,568.3 1 0
github.com/jfrog/froggit-go/vcsclient/bitbucketcloud.go:569.2,574.16 3 0
github.com/jfrog/froggit-go/vcsclient/bitbucketcloud.go:574.16,576.3 1 0
github.com/jfrog/froggit-go/vcsclient/bitbucketcloud.go:578.2,585.65 2 0
github.com/jfrog/froggit-go/vcsclient/bitbucketcloud.go:585.65,587.3 1 0
github.com/jfrog/froggit-go/vcsclient/bitbucketcloud.go:589.2,590.36 2 0
github.com/jfrog/froggit-go/vcsclient/bitbucketcloud.go:590.36,591.37 1 0
github.com/jfrog/froggit-go/vcsclient/bitbucketcloud.go:592.16,593.25 1 0
github.com/jfrog/froggit-go/vcsclient/bitbucketcloud.go:594.14,595.24 1 0
github.com/jfrog/froggit-go/vcsclient/bitbucketcloud.go:598.2,598.112 1 0
github.com/jfrog/froggit-go/vcsclient/bitbucketcloud.go:602.124,608.16 2 0
github.com/jfrog/froggit-go/vcsclient/bitbucketcloud.go:608.16,610.3 1 0
github.com/jfrog/froggit-go/vcsclient/bitbucketcloud.go:612.2,619.16 4 0
github.com/jfrog/froggit-go/vcsclient/bitbucketcloud.go:619.16,621.3 1 0
github.com/jfrog/froggit-go/vcsclient/bitbucketcloud.go:622.2,623.16 2 0
github.com/jfrog/froggit-go/vcsclient/bitbucketcloud.go:623.16,625.3 1 0
github.com/jfrog/froggit-go/vcsclient/bitbucketcloud.go:626.2,626.63 1 0
github.com/jfrog/froggit-go/vcsclient/bitbucketcloud.go:630.123,632.2 1 0
github.com/jfrog/froggit-go/vcsclient/bitbucketcloud.go:635.119,637.2 1 0
github.com/jfrog/froggit-go/vcsclient/bitbucketcloud.go:640.143,642.2 1 0
github.com/jfrog/froggit-go/vcsclient/bitbucketcloud.go:645.134,647.2 1 0
github.com/jfrog/froggit-go/vcsclient/bitbucketcloud.go:650.161,652.2 1 0
github.com/jfrog/froggit-go/vcsclient/bitbucketcloud.go:654.107,656.2 1 0
github.com/jfrog/froggit-go/vcsclient/bitbucketcloud.go:659.140,661.2 1 0
github.com/jfrog/froggit-go/vcsclient/bitbucketcloud.go:664.154,666.2 1 0
github.com/jfrog/froggit-go/vcsclient/bitbucketcloud.go:668.140,675.16 2 0
github.com/jfrog/froggit-go/vcsclient/bitbucketcloud.go:675.16,677.3 1 0
github.com/jfrog/froggit-go/vcsclient/bitbucketcloud.go:679.2,694.19 5 0
github.com/jfrog/froggit-go/vcsclient/bitbucketcloud.go:694.19,697.17 3 0
github.com/jfrog/froggit-go/vcsclient/bitbucketcloud.go:697.17,699.4 1 0
github.com/jfrog/froggit-go/vcsclient/bitbucketcloud.go:701.3,701.29 1 0
github.com/jfrog/froggit-go/vcsclient/bitbucketcloud.go:701.29,703.4 1 0
github.com/jfrog/froggit-go/vcsclient/bitbucketcloud.go:703.9,705.4 1 0
github.com/jfrog/froggit-go/vcsclient/bitbucketcloud.go:707.3,707.50 1 0
github.com/jfrog/froggit-go/vcsclient/bitbucketcloud.go:707.50,708.53 1 0
github.com/jfrog/froggit-go/vcsclient/bitbucketcloud.go:708.53,710.5 1 0
github.com/jfrog/froggit-go/vcsclient/bitbucketcloud.go:711.4,711.53 1 0
github.com/jfrog/froggit-go/vcsclient/bitbucketcloud.go:711.53,713.5 1 0
github.com/jfrog/froggit-go/vcsclient/bitbucketcloud.go:716.2,719.27 4 0
github.com/jfrog/froggit-go/vcsclient/bitbucketcloud.go:722.128,724.2 1 0
github.com/jfrog/froggit-go/vcsclient/bitbucketcloud.go:726.93,728.2 1 0
github.com/jfrog/froggit-go/vcsclient/bitbucketcloud.go:730.125,732.2 1 0
github.com/jfrog/froggit-go/vcsclient/bitbucketcloud.go:734.125,736.2 1 0
github.com/jfrog/froggit-go/vcsclient/bitbucketcloud.go:738.179,740.2 1 0
github.com/jfrog/froggit-go/vcsclient/bitbucketcloud.go:742.142,744.2 1 0
github.com/jfrog/froggit-go/vcsclient/bitbucketcloud.go:746.143,748.2 1 0
github.com/jfrog/froggit-go/vcsclient/bitbucketcloud.go:750.150,752.2 1 0
github.com/jfrog/froggit-go/vcsclient/bitbucketcloud.go:754.137,756.2 1 0
github.com/jfrog/froggit-go/vcsclient/bitbucketcloud.go:758.190,760.2 1 0
github.com/jfrog/froggit-go/vcsclient/bitbucketcloud.go:762.140,764.2 1 0
github.com/jfrog/froggit-go/vcsclient/bitbucketcloud.go:838.64,841.16 3 0
github.com/jfrog/froggit-go/vcsclient/bitbucketcloud.go:841.16,843.3 1 0
github.com/jfrog/froggit-go/vcsclient/bitbucketcloud.go:844.2,845.16 2 0
github.com/jfrog/froggit-go/vcsclient/bitbucketcloud.go:845.16,847.3 1 0
github.com/jfrog/froggit-go/vcsclient/bitbucketcloud.go:848.2,848.73 1 0
github.com/jfrog/froggit-go/vcsclient/bitbucketcloud.go:852.86,854.38 2 0
github.com/jfrog/froggit-go/vcsclient/bitbucketcloud.go:854.38,855.16 1 0
github.com/jfrog/froggit-go/vcsclient/bitbucketcloud.go:856.26,857.37 1 0
github.com/jfrog/froggit-go/vcsclient/bitbucketcloud.go:858.26,859.37 1 0
github.com/jfrog/froggit-go/vcsclient/bitbucketcloud.go:860.28,861.38 1 0
github.com/jfrog/froggit-go/vcsclient/bitbucketcloud.go:862.26,863.39 1 0
github.com/jfrog/froggit-go/vcsclient/bitbucketcloud.go:864.63,865.27 1 0
github.com/jfrog/froggit-go/vcsclient/bitbucketcloud.go:868.2,868.25 1 0
github.com/jfrog/froggit-go/vcsclient/bitbucketcloud.go:872.81,875.16 3 0
github.com/jfrog/froggit-go/vcsclient/bitbucketcloud.go:875.16,877.3 1 0
github.com/jfrog/froggit-go/vcsclient/bitbucketcloud.go:878.2,879.16 2 0
github.com/jfrog/froggit-go/vcsclient/bitbucketcloud.go:879.16,881.3 1 0
github.com/jfrog/froggit-go/vcsclient/bitbucketcloud.go:882.2,883.20 2 0
github.com/jfrog/froggit-go/vcsclient/bitbucketcloud.go:883.20,885.3 1 0
github.com/jfrog/froggit-go/vcsclient/bitbucketcloud.go:886.2,886.53 1 0
github.com/jfrog/froggit-go/vcsclient/bitbucketcloud.go:889.81,891.41 2 0
github.com/jfrog/froggit-go/vcsclient/bitbucketcloud.go:891.41,893.3 1 0
github.com/jfrog/froggit-go/vcsclient/bitbucketcloud.go:894.2,902.3 1 0
github.com/jfrog/froggit-go/vcsclient/bitbucketcloud.go:905.92,907.48 2 0
github.com/jfrog/froggit-go/vcsclient/bitbucketcloud.go:907.48,913.3 1 0
github.com/jfrog/froggit-go/vcsclient/bitbucketcloud.go:914.2,914.17 1 0
github.com/jfrog/froggit-go/vcsclient/bitbucketcloud.go:917.127,919.56 2 0
github.com/jfrog/froggit-go/vcsclient/bitbucketcloud.go:919.56,921.15 2 0
github.com/jfrog/froggit-go/vcsclient/bitbucketcloud.go:921.15,923.4 1 0
github.com/jfrog/froggit-go/vcsclient/bitbucketcloud.go:924.3,937.4 1 0
github.com/jfrog/froggit-go/vcsclient/bitbucketcloud.go:939.2,939.21 1 0
github.com/jfrog/froggit-go/vcsclient/bitbucketcloud.go:942.93,943.21 1 0
github.com/jfrog/froggit-go/vcsclient/bitbucketcloud.go:943.21,945.3 1 0
github.com/jfrog/froggit-go/vcsclient/bitbucketcloud.go:946.2,946.15 1 0
github.com/jfrog/froggit-go/vcsclient/bitbucketcloud.go:951.64,953.20 2 0
github.com/jfrog/froggit-go/vcsclient/bitbucketcloud.go:953.20,955.3 1 0
github.com/jfrog/froggit-go/vcsclient/bitbucketcloud.go:956.2,956.27 1 0
github.com/jfrog/froggit-go/vcsclient/bitbucketcloud.go:960.91,962.2 1 0
github.com/jfrog/froggit-go/vcsclient/bitbucketcloud.go:965.101,967.2 1 0
github.com/jfrog/froggit-go/vcsclient/bitbucketcommon.go:52.63,53.21 1 0
github.com/jfrog/froggit-go/vcsclient/bitbucketcommon.go:54.12,55.22 1 0
github.com/jfrog/froggit-go/vcsclient/bitbucketcommon.go:56.19,57.18 1 0
github.com/jfrog/froggit-go/vcsclient/bitbucketcommon.go:58.18,59.22 1 0
github.com/jfrog/froggit-go/vcsclient/bitbucketcommon.go:61.2,61.11 1 0
github.com/jfrog/froggit-go/vcsclient/bitbucketcommon.go:65.119,69.68 2 0
github.com/jfrog/froggit-go/vcsclient/bitbucketcommon.go:69.68,71.3 1 0
github.com/jfrog/froggit-go/vcsclient/bitbucketcommon.go:73.2,74.35 2 0
github.com/jfrog/froggit-go/vcsclient/bitbucketcommon.go:74.35,76.17 2 0
github.com/jfrog/froggit-go/vcsclient/bitbucketcommon.go:76.17,78.4 1 0
github.com/jfrog/froggit-go/vcsclient/bitbucketcommon.go:79.3,79.40 1 0
github.com/jfrog/froggit-go/vcsclient/bitbucketcommon.go:81.2,81.21 1 0
github.com/jfrog/froggit-go/vcsclient/bitbucketcommon.go:84.148,85.18 1 0
github.com/jfrog/froggit-go/vcsclient/bitbucketcommon.go:86.32,87.63 1 0
github.com/jfrog/froggit-go/vcsclient/bitbucketcommon.go:88.10,89.57 1 0
github.com/jfrog/froggit-go/vcsclient/bitbucketcommon.go:93.93,106.2 3 0
github.com/jfrog/froggit-go/vcsclient/bitbucketcommon.go:108.101,112.34 3 0
github.com/jfrog/froggit-go/vcsclient/bitbucketcommon.go:112.34,114.17 2 0
github.com/jfrog/froggit-go/vcsclient/bitbucketcommon.go:114.17,116.4 1 0
github.com/jfrog/froggit-go/vcsclient/bitbucketcommon.go:118.2,118.34 1 0
github.com/jfrog/froggit-go/vcsclient/bitbucketcommon.go:118.34,120.17 2 0
github.com/jfrog/froggit-go/vcsclient/bitbucketcommon.go:120.17,122.4 1 0
github.com/jfrog/froggit-go/vcsclient/bitbucketcommon.go:125.2,132.8 1 0
github.com/jfrog/froggit-go/vcsclient/bitbucketserver.go:31.101,37.2 2 0
github.com/jfrog/froggit-go/vcsclient/bitbucketserver.go:39.111,41.61 1 0
github.com/jfrog/froggit-go/vcsclient/bitbucketserver.go:41.61,43.3 1 0
github.com/jfrog/froggit-go/vcsclient/bitbucketserver.go:45.2,49.28 2 0
github.com/jfrog/froggit-go/vcsclient/bitbucketserver.go:52.88,54.32 2 0
github.com/jfrog/froggit-go/vcsclient/bitbucketserver.go:54.32,56.3 1 0
github.com/jfrog/froggit-go/vcsclient/bitbucketserver.go:57.2,57.19 1 0
github.com/jfrog/froggit-go/vcsclient/bitbucketserver.go:61.80,67.2 4 0
github.com/jfrog/froggit-go/vcsclient/bitbucketserver.go:70.105,73.16 3 0
github.com/jfrog/froggit-go/vcsclient/bitbucketserver.go:73.16,75.3 1 0
github.com/jfrog/froggit-go/vcsclient/bitbucketserver.go:77.2,78.35 2 0
github.com/jfrog/froggit-go/vcsclient/bitbucketserver.go:78.35,80.147 2 0
github.com/jfrog/froggit-go/vcsclient/bitbucketserver.go:80.147,83.18 2 0
github.com/jfrog/froggit-go/vcsclient/bitbucketserver.go:83.18,85.5 1 0
github.com/jfrog/froggit-go/vcsclient/bitbucketserver.go:87.4,88.18 2 0
github.com/jfrog/froggit-go/vcsclient/bitbucketserver.go:88.18,90.5 1 0
github.com/jfrog/froggit-go/vcsclient/bitbucketserver.go:91.4,91.31 1 0
github.com/jfrog/froggit-go/vcsclient/bitbucketserver.go:91.31,93.5 1 0
github.com/jfrog/froggit-go/vcsclient/bitbucketserver.go:96.2,96.21 1 0
github.com/jfrog/froggit-go/vcsclient/bitbucketserver.go:100.108,102.2 1 0
github.com/jfrog/froggit-go/vcsclient/bitbucketserver.go:105.116,109.121 4 0
github.com/jfrog/froggit-go/vcsclient/bitbucketserver.go:109.121,112.17 3 0
github.com/jfrog/froggit-go/vcsclient/bitbucketserver.go:112.17,114.4 1 0
github.com/jfrog/froggit-go/vcsclient/bitbucketserver.go:115.3,116.17 2 0
github.com/jfrog/froggit-go/vcsclient/bitbucketserver.go:116.17,118.4 1 0
github.com/jfrog/froggit-go/vcsclient/bitbucketserver.go:120.3,120.35 1 0
github.com/jfrog/froggit-go/vcsclient/bitbucketserver.go:120.35,122.4 1 0
github.com/jfrog/froggit-go/vcsclient/bitbucketserver.go:125.2,125.21 1 0
github.com/jfrog/froggit-go/vcsclient/bitbucketserver.go:129.162,137.16 2 0
github.com/jfrog/froggit-go/vcsclient/bitbucketserver.go:137.16,139.3 1 0
github.com/jfrog/froggit-go/vcsclient/bitbucketserver.go:141.2,142.29 2 0
github.com/jfrog/froggit-go/vcsclient/bitbucketserver.go:142.29,144.3 1 0
github.com/jfrog/froggit-go/vcsclient/bitbucketserver.go:146.2,154.16 5 0
github.com/jfrog/froggit-go/vcsclient/bitbucketserver.go:154.16,156.3 1 0
github.com/jfrog/froggit-go/vcsclient/bitbucketserver.go:157.2,158.16 2 0
github.com/jfrog/froggit-go/vcsclient/bitbucketserver.go:158.16,160.3 1 0
github.com/jfrog/froggit-go/vcsclient/bitbucketserver.go:161.2,165.16 4 0
github.com/jfrog/froggit-go/vcsclient/bitbucketserver.go:165.16,167.3 1 0
github.com/jfrog/froggit-go/vcsclient/bitbucketserver.go:168.2,168.15 1 0
github.com/jfrog/froggit-go/vcsclient/bitbucketserver.go:168.15,170.3 1 0
github.com/jfrog/froggit-go/vcsclient/bitbucketserver.go:172.2,172.32 1 0
github.com/jfrog/froggit-go/vcsclient/bitbucketserver.go:172.32,175.17 3 0
github.com/jfrog/froggit-go/vcsclient/bitbucketserver.go:175.17,177.4 1 0
github.com/jfrog/froggit-go/vcsclient/bitbucketserver.go:178.3,178.72 1 0
github.com/jfrog/froggit-go/vcsclient/bitbucketserver.go:180.2,180.12 1 0
github.com/jfrog/froggit-go/vcsclient/bitbucketserver.go:195.66,200.16 5 0
github.com/jfrog/froggit-go/vcsclient/bitbucketserver.go:200.16,202.3 1 0
github.com/jfrog/froggit-go/vcsclient/bitbucketserver.go:203.2,204.16 2 0
github.com/jfrog/froggit-go/vcsclient/bitbucketserver.go:204.16,206.3 1 0
github.com/jfrog/froggit-go/vcsclient/bitbucketserver.go:207.2,207.30 1 0
github.com/jfrog/froggit-go/vcsclient/bitbucketserver.go:212.66,215.16 3 0
github.com/jfrog/froggit-go/vcsclient/bitbucketserver.go:215.16,217.3 1 0
github.com/jfrog/froggit-go/vcsclient/bitbucketserver.go:218.2,220.12 3 0
github.com/jfrog/froggit-go/vcsclient/bitbucketserver.go:224.116,227.16 3 0
github.com/jfrog/froggit-go/vcsclient/bitbucketserver.go:227.16,229.3 1 0
github.com/jfrog/froggit-go/vcsclient/bitbucketserver.go:230.2,231.12 2 0
github.com/jfrog/froggit-go/vcsclient/bitbucketserver.go:236.40,245.2 3 0
github.com/jfrog/froggit-go/vcsclient/bitbucketserver.go:248.147,251.16 3 0
github.com/jfrog/froggit-go/vcsclient/bitbucketserver.go:251.16,253.3 1 0
github.com/jfrog/froggit-go/vcsclient/bitbucketserver.go:254.2,254.80 1 0
github.com/jfrog/froggit-go/vcsclient/bitbucketserver.go:258.129,262.18 4 0
github.com/jfrog/froggit-go/vcsclient/bitbucketserver.go:262.18,264.3 1 0
github.com/jfrog/froggit-go/vcsclient/bitbucketserver.go:265.2,266.16 2 0
github.com/jfrog/froggit-go/vcsclient/bitbucketserver.go:266.16,268.3 1 0
github.com/jfrog/froggit-go/vcsclient/bitbucketserver.go:269.2,271.16 3 0
github.com/jfrog/froggit-go/vcsclient/bitbucketserver.go:271.16,273.3 1 0
github.com/jfrog/froggit-go/vcsclient/bitbucketserver.go:274.2,276.16 3 0
github.com/jfrog/froggit-go/vcsclient/bitbucketserver.go:276.16,278.3 1 0
github.com/jfrog/froggit-go/vcsclient/bitbucketserver.go:280.2,283.33 1 0
github.com/jfrog/froggit-go/vcsclient/bitbucketserver.go:286.75,288.2 1 0
github.com/jfrog/froggit-go/vcsclient/bitbucketserver.go:290.75,292.2 1 0
github.com/jfrog/froggit-go/vcsclient/bitbucketserver.go:296.35,318.2 5 0
github.com/jfrog/froggit-go/vcsclient/bitbucketserver.go:322.188,325.16 3 0
github.com/jfrog/froggit-go/vcsclient/bitbucketserver.go:325.16,327.3 1 0
github.com/jfrog/froggit-go/vcsclient/bitbucketserver.go:328.2,337.12 4 0
github.com/jfrog/froggit-go/vcsclient/bitbucketserver.go:341.141,343.2 1 0
github.com/jfrog/froggit-go/vcsclient/bitbucketserver.go:346.133,348.2 1 0
github.com/jfrog/froggit-go/vcsclient/bitbucketserver.go:350.147,354.121 4 0
github.com/jfrog/froggit-go/vcsclient/bitbucketserver.go:354.121,357.17 3 0
github.com/jfrog/froggit-go/vcsclient/bitbucketserver.go:357.17,359.4 1 0
github.com/jfrog/froggit-go/vcsclient/bitbucketserver.go:360.3,362.17 3 0
github.com/jfrog/froggit-go/vcsclient/bitbucketserver.go:362.17,364.4 1 0
github.com/jfrog/froggit-go/vcsclient/bitbucketserver.go:365.3,365.44 1 0
github.com/jfrog/froggit-go/vcsclient/bitbucketserver.go:365.44,366.24 1 0
github.com/jfrog/froggit-go/vcsclient/bitbucketserver.go:366.24,368.120 2 0
github.com/jfrog/froggit-go/vcsclient/bitbucketserver.go:368.120,370.6 1 0
github.com/jfrog/froggit-go/vcsclient/bitbucketserver.go:371.5,371.47 1 0
github.com/jfrog/froggit-go/vcsclient/bitbucketserver.go:375.2,375.21 1 0
github.com/jfrog/froggit-go/vcsclient/bitbucketserver.go:379.168,383.16 4 0
github.com/jfrog/froggit-go/vcsclient/bitbucketserver.go:383.16,385.3 1 0
github.com/jfrog/froggit-go/vcsclient/bitbucketserver.go:386.2,386.24 1 0
github.com/jfrog/froggit-go/vcsclient/bitbucketserver.go:386.24,387.98 1 0
github.com/jfrog/froggit-go/vcsclient/bitbucketserver.go:387.98,389.4 1 0
github.com/jfrog/froggit-go/vcsclient/bitbucketserver.go:391.2,392.16 2 0
github.com/jfrog/froggit-go/vcsclient/bitbucketserver.go:392.16,394.3 1 0
github.com/jfrog/froggit-go/vcsclient/bitbucketserver.go:395.2,396.8 2 0
github.com/jfrog/froggit-go/vcsclient/bitbucketserver.go:400.126,402.2 1 0
github.com/jfrog/froggit-go/vcsclient/bitbucketserver.go:405.130,407.2 1 0
github.com/jfrog/froggit-go/vcsclient/bitbucketserver.go:410.145,412.2 1 0
github.com/jfrog/froggit-go/vcsclient/bitbucketserver.go:414.144,416.16 2 0
github.com/jfrog/froggit-go/vcsclient/bitbucketserver.go:416.16,418.3 1 0
github.com/jfrog/froggit-go/vcsclient/bitbucketserver.go:419.2,420.14 2 0
github.com/jfrog/froggit-go/vcsclient/bitbucketserver.go:420.14,422.3 1 0
github.com/jfrog/froggit-go/vcsclient/bitbucketserver.go:423.2,431.8 1 0
github.com/jfrog/froggit-go/vcsclient/bitbucketserver.go:435.141,437.2 1 0
github.com/jfrog/froggit-go/vcsclient/bitbucketserver.go:440.171,441.24 1 0
github.com/jfrog/froggit-go/vcsclient/bitbucketserver.go:441.24,443.3 1 0
github.com/jfrog/froggit-go/vcsclient/bitbucketserver.go:444.2,444.35 1 0
github.com/jfrog/froggit-go/vcsclient/bitbucketserver.go:444.35,445.102 1 0
github.com/jfrog/froggit-go/vcsclient/bitbucketserver.go:445.102,447.4 1 0
github.com/jfrog/froggit-go/vcsclient/bitbucketserver.go:449.2,449.12 1 0
github.com/jfrog/froggit-go/vcsclient/bitbucketserver.go:452.160,454.16 2 0
github.com/jfrog/froggit-go/vcsclient/bitbucketserver.go:454.16,456.3 1 0
github.com/jfrog/froggit-go/vcsclient/bitbucketserver.go:457.2,460.86 3 0
github.com/jfrog/froggit-go/vcsclient/bitbucketserver.go:460.86,468.3 1 0
github.com/jfrog/froggit-go/vcsclient/bitbucketserver.go:471.2,476.12 3 0
github.com/jfrog/froggit-go/vcsclient/bitbucketserver.go:480.157,482.2 1 0
github.com/jfrog/froggit-go/vcsclient/bitbucketserver.go:485.151,489.121 4 0
github.com/jfrog/froggit-go/vcsclient/bitbucketserver.go:489.121,492.17 3 0
github.com/jfrog/froggit-go/vcsclient/bitbucketserver.go:492.17,494.4 1 0
github.com/jfrog/froggit-go/vcsclient/bitbucketserver.go:495.3,496.17 2 0
github.com/jfrog/froggit-go/vcsclient/bitbucketserver.go:496.17,498.4 1 0
github.com/jfrog/froggit-go/vcsclient/bitbucketserver.go:499.3,499.46 1 0
github.com/jfrog/froggit-go/vcsclient/bitbucketserver.go:499.46,501.75 1 0
github.com/jfrog/froggit-go/vcsclient/bitbucketserver.go:501.75,508.5 1 0
github.com/jfrog/froggit-go/vcsclient/bitbucketserver.go:511.2,511.21 1 0
github.com/jfrog/froggit-go/vcsclient/bitbucketserver.go:515.167,516.35 1 0
github.com/jfrog/froggit-go/vcsclient/bitbucketserver.go:516.35,517.113 1 0
github.com/jfrog/froggit-go/vcsclient/bitbucketserver.go:517.113,519.4 1 0
github.com/jfrog/froggit-go/vcsclient/bitbucketserver.go:521.2,521.12 1 0
github.com/jfrog/froggit-go/vcsclient/bitbucketserver.go:524.163,526.2 1 0
github.com/jfrog/froggit-go/vcsclient/bitbucketserver.go:528.167,530.2 1 0
github.com/jfrog/froggit-go/vcsclient/bitbucketserver.go:533.146,536.16 3 0
github.com/jfrog/froggit-go/vcsclient/bitbucketserver.go:536.16,538.3 1 0
github.com/jfrog/froggit-go/vcsclient/bitbucketserver.go:539.2,540.35 2 0
github.com/jfrog/froggit-go/vcsclient/bitbucketserver.go:540.35,541.37 1 0
github.com/jfrog/froggit-go/vcsclient/bitbucketserver.go:541.37,543.9 2 0
github.com/jfrog/froggit-go/vcsclient/bitbucketserver.go:547.2,547.192 1 0
github.com/jfrog/froggit-go/vcsclient/bitbucketserver.go:547.192,549.3 1 0
github.com/jfrog/froggit-go/vcsclient/bitbucketserver.go:550.2,550.12 1 0
github.com/jfrog/froggit-go/vcsclient/bitbucketserver.go:560.129,562.16 2 0
github.com/jfrog/froggit-go/vcsclient/bitbucketserver.go:562.16,564.3 1 0
github.com/jfrog/froggit-go/vcsclient/bitbucketserver.go:566.2,567.22 2 0
github.com/jfrog/froggit-go/vcsclient/bitbucketserver.go:567.22,569.3 1 0
github.com/jfrog/froggit-go/vcsclient/bitbucketserver.go:570.2,570.26 1 0
github.com/jfrog/froggit-go/vcsclient/bitbucketserver.go:574.126,580.16 2 0
github.com/jfrog/froggit-go/vcsclient/bitbucketserver.go:580.16,582.3 1 0
github.com/jfrog/froggit-go/vcsclient/bitbucketserver.go:584.2,588.75 2 0
github.com/jfrog/froggit-go/vcsclient/bitbucketserver.go:591.170,596.16 2 0
github.com/jfrog/froggit-go/vcsclient/bitbucketserver.go:596.16,598.3 1 0
github.com/jfrog/froggit-go/vcsclient/bitbucketserver.go:599.2,600.16 2 0
github.com/jfrog/froggit-go/vcsclient/bitbucketserver.go:600.16,602.3 1 0
github.com/jfrog/froggit-go/vcsclient/bitbucketserver.go:603.2,603.56 1 0
github.com/jfrog/froggit-go/vcsclient/bitbucketserver.go:607.94,609.24 2 0
github.com/jfrog/froggit-go/vcsclient/bitbucketserver.go:609.24,611.3 1 0
github.com/jfrog/froggit-go/vcsclient/bitbucketserver.go:613.2,617.72 3 0
github.com/jfrog/froggit-go/vcsclient/bitbucketserver.go:617.72,619.3 1 0
github.com/jfrog/froggit-go/vcsclient/bitbucketserver.go:621.2,621.39 1 0
github.com/jfrog/froggit-go/vcsclient/bitbucketserver.go:621.39,623.3 1 0
github.com/jfrog/froggit-go/vcsclient/bitbucketserver.go:625.2,625.33 1 0
github.com/jfrog/froggit-go/vcsclient/bitbucketserver.go:625.33,626.65 1 0
github.com/jfrog/froggit-go/vcsclient/bitbucketserver.go:626.65,628.4 1 0
github.com/jfrog/froggit-go/vcsclient/bitbucketserver.go:630.2,630.23 1 0
github.com/jfrog/froggit-go/vcsclient/bitbucketserver.go:633.166,637.16 3 0
github.com/jfrog/froggit-go/vcsclient/bitbucketserver.go:637.16,639.3 1 0
github.com/jfrog/froggit-go/vcsclient/bitbucketserver.go:640.2,641.16 2 0
github.com/jfrog/froggit-go/vcsclient/bitbucketserver.go:641.16,643.3 1 0
github.com/jfrog/froggit-go/vcsclient/bitbucketserver.go:644.2,645.33 2 0
github.com/jfrog/froggit-go/vcsclient/bitbucketserver.go:645.33,648.3 2 0
github.com/jfrog/froggit-go/vcsclient/bitbucketserver.go:649.2,649.25 1 0
github.com/jfrog/froggit-go/vcsclient/bitbucketserver.go:652.94,657.2 1 0
github.com/jfrog/froggit-go/vcsclient/bitbucketserver.go:660.127,661.112 1 0
github.com/jfrog/froggit-go/vcsclient/bitbucketserver.go:661.112,663.3 1 0
github.com/jfrog/froggit-go/vcsclient/bitbucketserver.go:665.2,668.16 3 0
github.com/jfrog/froggit-go/vcsclient/bitbucketserver.go:668.16,670.3 1 0
github.com/jfrog/froggit-go/vcsclient/bitbucketserver.go:672.2,682.66 2 0
github.com/jfrog/froggit-go/vcsclient/bitbucketserver.go:682.66,684.3 1 0
github.com/jfrog/froggit-go/vcsclient/bitbucketserver.go:686.2,687.47 2 0
github.com/jfrog/froggit-go/vcsclient/bitbucketserver.go:687.47,688.25 1 0
github.com/jfrog/froggit-go/vcsclient/bitbucketserver.go:689.15,690.30 1 0
github.com/jfrog/froggit-go/vcsclient/bitbucketserver.go:691.14,692.29 1 0
github.com/jfrog/froggit-go/vcsclient/bitbucketserver.go:696.2,696.122 1 0
github.com/jfrog/froggit-go/vcsclient/bitbucketserver.go:700.125,706.16 2 0
github.com/jfrog/froggit-go/vcsclient/bitbucketserver.go:706.16,708.3 1 0
github.com/jfrog/froggit-go/vcsclient/bitbucketserver.go:710.2,713.16 3 0
github.com/jfrog/froggit-go/vcsclient/bitbucketserver.go:713.16,715.3 1 0
github.com/jfrog/froggit-go/vcsclient/bitbucketserver.go:716.2,718.16 3 0
github.com/jfrog/froggit-go/vcsclient/bitbucketserver.go:718.16,720.3 1 0
github.com/jfrog/froggit-go/vcsclient/bitbucketserver.go:721.2,721.84 1 0
github.com/jfrog/froggit-go/vcsclient/bitbucketserver.go:725.124,727.2 1 0
github.com/jfrog/froggit-go/vcsclient/bitbucketserver.go:730.120,732.2 1 0
github.com/jfrog/froggit-go/vcsclient/bitbucketserver.go:735.144,737.2 1 0
github.com/jfrog/froggit-go/vcsclient/bitbucketserver.go:740.135,742.2 1 0
github.com/jfrog/froggit-go/vcsclient/bitbucketserver.go:745.155,747.2 1 0
github.com/jfrog/froggit-go/vcsclient/bitbucketserver.go:750.117,754.161 4 0
github.com/jfrog/froggit-go/vcsclient/bitbucketserver.go:754.161,756.17 2 0
github.com/jfrog/froggit-go/vcsclient/bitbucketserver.go:756.17,758.4 1 0
github.com/jfrog/froggit-go/vcsclient/bitbucketserver.go:759.3,761.17 3 0
github.com/jfrog/froggit-go/vcsclient/bitbucketserver.go:761.17,763.4 1 0
github.com/jfrog/froggit-go/vcsclient/bitbucketserver.go:764.3,764.51 1 0
github.com/jfrog/froggit-go/vcsclient/bitbucketserver.go:764.51,766.4 1 0
github.com/jfrog/froggit-go/vcsclient/bitbucketserver.go:769.2,770.20 2 0
github.com/jfrog/froggit-go/vcsclient/bitbucketserver.go:770.20,772.3 1 0
github.com/jfrog/froggit-go/vcsclient/bitbucketserver.go:774.2,775.22 2 0
github.com/jfrog/froggit-go/vcsclient/bitbucketserver.go:779.141,784.45 4 0
github.com/jfrog/froggit-go/vcsclient/bitbucketserver.go:784.45,786.3 1 0
github.com/jfrog/froggit-go/vcsclient/bitbucketserver.go:787.2,787.16 1 0
github.com/jfrog/froggit-go/vcsclient/bitbucketserver.go:787.16,789.3 1 0
github.com/jfrog/froggit-go/vcsclient/bitbucketserver.go:790.2,790.40 1 0
github.com/jfrog/froggit-go/vcsclient/bitbucketserver.go:793.72,795.2 1 0
github.com/jfrog/froggit-go/vcsclient/bitbucketserver.go:797.94,799.16 2 0
github.com/jfrog/froggit-go/vcsclient/bitbucketserver.go:799.16,801.3 1 0
github.com/jfrog/froggit-go/vcsclient/bitbucketserver.go:802.2,802.47 1 0
github.com/jfrog/froggit-go/vcsclient/bitbucketserver.go:805.78,808.16 3 0
github.com/jfrog/froggit-go/vcsclient/bitbucketserver.go:808.16,810.3 1 0
github.com/jfrog/froggit-go/vcsclient/bitbucketserver.go:811.2,811.38 1 0
github.com/jfrog/froggit-go/vcsclient/bitbucketserver.go:814.122,820.2 1 0
github.com/jfrog/froggit-go/vcsclient/bitbucketserver.go:823.87,825.38 2 0
github.com/jfrog/froggit-go/vcsclient/bitbucketserver.go:825.38,826.16 1 0
github.com/jfrog/froggit-go/vcsclient/bitbucketserver.go:827.26,828.40 1 0
github.com/jfrog/froggit-go/vcsclient/bitbucketserver.go:829.26,830.50 1 0
github.com/jfrog/froggit-go/vcsclient/bitbucketserver.go:831.26,832.40 1 0
github.com/jfrog/froggit-go/vcsclient/bitbucketserver.go:833.28,834.56 1 0
github.com/jfrog/froggit-go/vcsclient/bitbucketserver.go:835.63,836.48 1 0
github.com/jfrog/froggit-go/vcsclient/bitbucketserver.go:839.2,839.15 1 0
github.com/jfrog/froggit-go/vcsclient/bitbucketserver.go:843.33,845.35 2 0
github.com/jfrog/froggit-go/vcsclient/bitbucketserver.go:845.35,847.3 1 0
github.com/jfrog/froggit-go/vcsclient/bitbucketserver.go:848.2,860.3 2 0
github.com/jfrog/froggit-go/vcsclient/bitbucketserver.go:863.162,865.2 1 0
github.com/jfrog/froggit-go/vcsclient/bitbucketserver.go:878.141,885.16 2 0
github.com/jfrog/froggit-go/vcsclient/bitbucketserver.go:885.16,887.3 1 0
github.com/jfrog/froggit-go/vcsclient/bitbucketserver.go:889.2,893.16 4 0
github.com/jfrog/froggit-go/vcsclient/bitbucketserver.go:893.16,895.3 1 0
github.com/jfrog/froggit-go/vcsclient/bitbucketserver.go:897.2,898.16 2 0
github.com/jfrog/froggit-go/vcsclient/bitbucketserver.go:898.16,900.3 1 0
github.com/jfrog/froggit-go/vcsclient/bitbucketserver.go:902.2,903.33 2 0
github.com/jfrog/froggit-go/vcsclient/bitbucketserver.go:903.33,906.3 2 0
github.com/jfrog/froggit-go/vcsclient/bitbucketserver.go:907.2,910.27 4 0
github.com/jfrog/froggit-go/vcsclient/bitbucketserver.go:913.129,915.2 1 0
github.com/jfrog/froggit-go/vcsclient/bitbucketserver.go:917.94,919.2 1 0
github.com/jfrog/froggit-go/vcsclient/bitbucketserver.go:921.126,923.2 1 0
github.com/jfrog/froggit-go/vcsclient/bitbucketserver.go:925.126,927.2 1 0
github.com/jfrog/froggit-go/vcsclient/bitbucketserver.go:929.180,931.2 1 0
github.com/jfrog/froggit-go/vcsclient/bitbucketserver.go:933.143,935.2 1 0
github.com/jfrog/froggit-go/vcsclient/bitbucketserver.go:937.144,939.2 1 0
github.com/jfrog/froggit-go/vcsclient/bitbucketserver.go:941.151,943.2 1 0
github.com/jfrog/froggit-go/vcsclient/bitbucketserver.go:945.138,947.2 1 0
github.com/jfrog/froggit-go/vcsclient/bitbucketserver.go:949.191,951.2 1 0
github.com/jfrog/froggit-go/vcsclient/bitbucketserver.go:953.141,955.2 1 0
github.com/jfrog/froggit-go/vcsclient/bitbucketserver.go:957.79,958.12 1 0
github.com/jfrog/froggit-go/vcsclient/bitbucketserver.go:958.12,960.3 1 0
github.com/jfrog/froggit-go/vcsclient/bitbucketserver.go:961.2,961.16 1 0
github.com/jfrog/froggit-go/vcsclient/bitbucketserver.go:964.84,966.20 2 0
github.com/jfrog/froggit-go/vcsclient/bitbucketserver.go:966.20,968.3 1 0
github.com/jfrog/froggit-go/vcsclient/bitbucketserver.go:969.2,969.25 1 0
github.com/jfrog/froggit-go/vcsclient/bitbucketserver.go:973.92,975.2 1 0
github.com/jfrog/froggit-go/vcsclient/bitbucketserver.go:978.102,980.2 1 0
github.com/jfrog/froggit-go/vcsclient/factory.go:15.72,17.2 1 1
github.com/jfrog/froggit-go/vcsclient/factory.go:20.78,23.2 2 1
github.com/jfrog/froggit-go/vcsclient/factory.go:26.72,29.2 2 0
github.com/jfrog/froggit-go/vcsclient/factory.go:32.66,35.2 2 1
github.com/jfrog/froggit-go/vcsclient/factory.go:38.74,41.2 2 0
github.com/jfrog/froggit-go/vcsclient/factory.go:44.70,47.2 2 0
github.com/jfrog/froggit-go/vcsclient/factory.go:50.58,51.29 1 1
github.com/jfrog/froggit-go/vcsclient/factory.go:52.23,53.58 1 1
github.com/jfrog/froggit-go/vcsclient/factory.go:54.23,55.58 1 0
github.com/jfrog/froggit-go/vcsclient/factory.go:56.32,57.67 1 0
github.com/jfrog/froggit-go/vcsclient/factory.go:58.31,59.66 1 0
github.com/jfrog/froggit-go/vcsclient/factory.go:60.27,61.62 1 0
github.com/jfrog/froggit-go/vcsclient/factory.go:63.2,63.17 1 0
github.com/jfrog/froggit-go/vcsclient/github.go:47.58,48.46 1 1
github.com/jfrog/froggit-go/vcsclient/github.go:48.46,51.3 2 1
github.com/jfrog/froggit-go/vcsclient/github.go:52.2,52.36 1 1
github.com/jfrog/froggit-go/vcsclient/github.go:64.83,66.16 2 1
github.com/jfrog/froggit-go/vcsclient/github.go:66.16,68.3 1 0
github.com/jfrog/froggit-go/vcsclient/github.go:69.2,78.6 1 1
github.com/jfrog/froggit-go/vcsclient/github.go:81.101,84.2 2 1
github.com/jfrog/froggit-go/vcsclient/github.go:87.71,90.2 2 0
github.com/jfrog/froggit-go/vcsclient/github.go:92.86,94.25 2 1
github.com/jfrog/froggit-go/vcsclient/github.go:94.25,96.3 1 1
github.com/jfrog/froggit-go/vcsclient/github.go:97.2,98.31 2 1
github.com/jfrog/froggit-go/vcsclient/github.go:98.31,100.17 2 1
github.com/jfrog/froggit-go/vcsclient/github.go:100.17,102.4 1 0
github.com/jfrog/froggit-go/vcsclient/github.go:103.3,104.29 2 1
github.com/jfrog/froggit-go/vcsclient/github.go:106.2,106.22 1 1
github.com/jfrog/froggit-go/vcsclient/github.go:110.147,117.16 2 0
github.com/jfrog/froggit-go/vcsclient/github.go:117.16,119.3 1 0
github.com/jfrog/froggit-go/vcsclient/github.go:121.2,128.73 3 0
github.com/jfrog/froggit-go/vcsclient/github.go:128.73,131.3 2 0
github.com/jfrog/froggit-go/vcsclient/github.go:135.108,137.34 2 0
github.com/jfrog/froggit-go/vcsclient/github.go:137.34,140.73 3 0
github.com/jfrog/froggit-go/vcsclient/github.go:140.73,143.4 2 0
github.com/jfrog/froggit-go/vcsclient/github.go:144.3,144.17 1 0
github.com/jfrog/froggit-go/vcsclient/github.go:144.17,146.4 1 0
github.com/jfrog/froggit-go/vcsclient/github.go:148.3,148.43 1 0
github.com/jfrog/froggit-go/vcsclient/github.go:148.43,150.4 1 0
github.com/jfrog/froggit-go/vcsclient/github.go:151.3,151.39 1 0
github.com/jfrog/froggit-go/vcsclient/github.go:151.39,152.9 1 0
github.com/jfrog/froggit-go/vcsclient/github.go:155.2,155.8 1 0
github.com/jfrog/froggit-go/vcsclient/github.go:158.138,161.2 2 0
github.com/jfrog/froggit-go/vcsclient/github.go:164.122,165.72 1 0
github.com/jfrog/froggit-go/vcsclient/github.go:165.72,169.3 3 0
github.com/jfrog/froggit-go/vcsclient/github.go:170.2,170.8 1 0
github.com/jfrog/froggit-go/vcsclient/github.go:173.130,175.16 2 0
github.com/jfrog/froggit-go/vcsclient/github.go:175.16,177.3 1 0
github.com/jfrog/froggit-go/vcsclient/github.go:179.2,180.34 2 0
github.com/jfrog/froggit-go/vcsclient/github.go:180.34,182.3 1 0
github.com/jfrog/froggit-go/vcsclient/github.go:183.2,183.36 1 0
github.com/jfrog/froggit-go/vcsclient/github.go:188.66,193.75 5 0
github.com/jfrog/froggit-go/vcsclient/github.go:193.75,197.3 3 0
github.com/jfrog/froggit-go/vcsclient/github.go:197.17,199.3 1 0
github.com/jfrog/froggit-go/vcsclient/github.go:201.2,201.62 1 0
github.com/jfrog/froggit-go/vcsclient/github.go:206.66,208.16 2 0
github.com/jfrog/froggit-go/vcsclient/github.go:208.16,210.3 1 0
github.com/jfrog/froggit-go/vcsclient/github.go:212.2,213.73 2 0
github.com/jfrog/froggit-go/vcsclient/github.go:213.73,217.3 3 0
github.com/jfrog/froggit-go/vcsclient/github.go:221.107,223.16 2 0
github.com/jfrog/froggit-go/vcsclient/github.go:223.16,225.3 1 0
github.com/jfrog/froggit-go/vcsclient/github.go:227.2,227.73 1 0
github.com/jfrog/froggit-go/vcsclient/github.go:227.73,229.3 1 0
github.com/jfrog/froggit-go/vcsclient/github.go:234.47,243.73 3 0
github.com/jfrog/froggit-go/vcsclient/github.go:243.73,246.3 2 0
github.com/jfrog/froggit-go/vcsclient/github.go:250.146,251.72 1 0
github.com/jfrog/froggit-go/vcsclient/github.go:251.72,255.3 3 0
github.com/jfrog/froggit-go/vcsclient/github.go:256.2,256.8 1 0
github.com/jfrog/froggit-go/vcsclient/github.go:259.182,261.16 2 0
github.com/jfrog/froggit-go/vcsclient/github.go:261.16,263.3 1 0
github.com/jfrog/froggit-go/vcsclient/github.go:265.2,265.49 1 0
github.com/jfrog/froggit-go/vcsclient/github.go:265.49,274.3 1 0
github.com/jfrog/froggit-go/vcsclient/github.go:275.2,275.8 1 0
github.com/jfrog/froggit-go/vcsclient/github.go:279.126,282.72 2 0
github.com/jfrog/froggit-go/vcsclient/github.go:282.72,286.3 3 0
github.com/jfrog/froggit-go/vcsclient/github.go:287.2,287.16 1 0
github.com/jfrog/froggit-go/vcsclient/github.go:287.16,289.3 1 0
github.com/jfrog/froggit-go/vcsclient/github.go:292.2,293.16 2 0
github.com/jfrog/froggit-go/vcsclient/github.go:293.16,295.3 1 0
github.com/jfrog/froggit-go/vcsclient/github.go:296.2,296.15 1 0
github.com/jfrog/froggit-go/vcsclient/github.go:296.15,296.68 1 0
github.com/jfrog/froggit-go/vcsclient/github.go:297.2,300.74 2 0
github.com/jfrog/froggit-go/vcsclient/github.go:300.74,302.3 1 0
github.com/jfrog/froggit-go/vcsclient/github.go:303.2,306.16 3 0
github.com/jfrog/froggit-go/vcsclient/github.go:306.16,308.3 1 0
github.com/jfrog/froggit-go/vcsclient/github.go:310.2,311.8 2 0
github.com/jfrog/froggit-go/vcsclient/github.go:314.165,318.2 2 0
github.com/jfrog/froggit-go/vcsclient/github.go:320.77,323.16 3 0
github.com/jfrog/froggit-go/vcsclient/github.go:323.16,325.3 1 0
github.com/jfrog/froggit-go/vcsclient/github.go:326.2,327.16 2 0
github.com/jfrog/froggit-go/vcsclient/github.go:327.16,329.3 1 0
github.com/jfrog/froggit-go/vcsclient/github.go:330.2,330.88 1 0
github.com/jfrog/froggit-go/vcsclient/github.go:333.66,335.2 1 0
github.com/jfrog/froggit-go/vcsclient/github.go:337.66,339.2 1 0
github.com/jfrog/froggit-go/vcsclient/github.go:342.148,343.73 1 0
github.com/jfrog/froggit-go/vcsclient/github.go:343.73,346.3 2 0
github.com/jfrog/froggit-go/vcsclient/github.go:349.182,352.73 2 0
github.com/jfrog/froggit-go/vcsclient/github.go:352.73,354.17 2 0
github.com/jfrog/froggit-go/vcsclient/github.go:354.17,356.4 1 0
github.com/jfrog/froggit-go/vcsclient/github.go:357.3,358.25 2 0
github.com/jfrog/froggit-go/vcsclient/github.go:361.2,361.20 1 0
github.com/jfrog/froggit-go/vcsclient/github.go:364.196,375.2 4 0
github.com/jfrog/froggit-go/vcsclient/github.go:377.74,383.2 1 0
github.com/jfrog/froggit-go/vcsclient/github.go:386.172,389.28 3 0
github.com/jfrog/froggit-go/vcsclient/github.go:389.28,391.3 1 0
github.com/jfrog/froggit-go/vcsclient/github.go:392.2,399.73 2 0
github.com/jfrog/froggit-go/vcsclient/github.go:399.73,402.3 2 0
github.com/jfrog/froggit-go/vcsclient/github.go:406.132,408.2 1 0
github.com/jfrog/froggit-go/vcsclient/github.go:411.124,413.2 1 0
github.com/jfrog/froggit-go/vcsclient/github.go:415.138,418.73 3 0
github.com/jfrog/froggit-go/vcsclient/github.go:418.73,423.3 4 0
github.com/jfrog/froggit-go/vcsclient/github.go:424.2,424.16 1 0
github.com/jfrog/froggit-go/vcsclient/github.go:424.16,426.3 1 0
github.com/jfrog/froggit-go/vcsclient/github.go:428.2,428.74 1 0
github.com/jfrog/froggit-go/vcsclient/github.go:431.139,436.72 5 0
github.com/jfrog/froggit-go/vcsclient/github.go:436.72,439.3 2 0
github.com/jfrog/froggit-go/vcsclient/github.go:440.2,440.16 1 0
github.com/jfrog/froggit-go/vcsclient/github.go:440.16,442.3 1 0
github.com/jfrog/froggit-go/vcsclient/github.go:444.2,444.96 1 0
github.com/jfrog/froggit-go/vcsclient/github.go:444.96,446.3 1 0
github.com/jfrog/froggit-go/vcsclient/github.go:448.2,448.66 1 0
github.com/jfrog/froggit-go/vcsclient/github.go:453.117,465.6 5 1
github.com/jfrog/froggit-go/vcsclient/github.go:465.6,470.73 4 1
github.com/jfrog/froggit-go/vcsclient/github.go:470.73,473.4 2 1
github.com/jfrog/froggit-go/vcsclient/github.go:474.3,474.17 1 1
github.com/jfrog/froggit-go/vcsclient/github.go:474.17,476.4 1 1
github.com/jfrog/froggit-go/vcsclient/github.go:478.3,480.31 2 1
github.com/jfrog/froggit-go/vcsclient/github.go:480.31,481.9 1 1
github.com/jfrog/froggit-go/vcsclient/github.go:483.3,483.34 1 0
github.com/jfrog/froggit-go/vcsclient/github.go:487.2,487.69 1 1
github.com/jfrog/froggit-go/vcsclient/github.go:492.121,503.6 6 1
github.com/jfrog/froggit-go/vcsclient/github.go:503.6,508.73 4 1
github.com/jfrog/froggit-go/vcsclient/github.go:508.73,511.4 2 1
github.com/jfrog/froggit-go/vcsclient/github.go:512.3,512.17 1 1
github.com/jfrog/froggit-go/vcsclient/github.go:512.17,515.4 2 1
github.com/jfrog/froggit-go/vcsclient/github.go:517.3,520.31 3 1
github.com/jfrog/froggit-go/vcsclient/github.go:520.31,521.9 1 1
github.com/jfrog/froggit-go/vcsclient/github.go:523.3,523.34 1 0
github.com/jfrog/froggit-go/vcsclient/github.go:526.2,528.69 2 1
github.com/jfrog/froggit-go/vcsclient/github.go:531.119,534.84 3 0
github.com/jfrog/froggit-go/vcsclient/github.go:534.84,538.17 4 0
github.com/jfrog/froggit-go/vcsclient/github.go:538.17,540.4 1 0
github.com/jfrog/froggit-go/vcsclient/github.go:543.2,544.36 2 0
github.com/jfrog/froggit-go/vcsclient/github.go:544.36,546.3 1 0
github.com/jfrog/froggit-go/vcsclient/github.go:547.2,547.42 1 0
github.com/jfrog/froggit-go/vcsclient/github.go:547.42,549.3 1 0
github.com/jfrog/froggit-go/vcsclient/github.go:550.2,554.36 4 0
github.com/jfrog/froggit-go/vcsclient/github.go:554.36,556.3 1 0
github.com/jfrog/froggit-go/vcsclient/github.go:557.2,557.42 1 0
github.com/jfrog/froggit-go/vcsclient/github.go:557.42,559.3 1 0
github.com/jfrog/froggit-go/vcsclient/github.go:560.2,564.14 4 0
github.com/jfrog/froggit-go/vcsclient/github.go:564.14,566.3 1 0
github.com/jfrog/froggit-go/vcsclient/github.go:569.2,570.45 2 0
github.com/jfrog/froggit-go/vcsclient/github.go:570.45,571.61 1 0
github.com/jfrog/froggit-go/vcsclient/github.go:571.61,572.48 1 0
github.com/jfrog/froggit-go/vcsclient/github.go:572.48,574.5 1 0
github.com/jfrog/froggit-go/vcsclient/github.go:578.2,596.8 1 0
github.com/jfrog/froggit-go/vcsclient/github.go:600.59,602.21 2 0
github.com/jfrog/froggit-go/vcsclient/github.go:602.21,604.3 1 0
github.com/jfrog/froggit-go/vcsclient/github.go:605.2,605.22 1 0
github.com/jfrog/froggit-go/vcsclient/github.go:609.132,611.16 2 0
github.com/jfrog/froggit-go/vcsclient/github.go:611.16,613.3 1 0
github.com/jfrog/froggit-go/vcsclient/github.go:615.2,615.73 1 0
github.com/jfrog/froggit-go/vcsclient/github.go:615.73,620.3 3 0
github.com/jfrog/froggit-go/vcsclient/github.go:624.162,627.16 3 0
github.com/jfrog/froggit-go/vcsclient/github.go:627.16,629.3 1 0
github.com/jfrog/froggit-go/vcsclient/github.go:630.2,630.24 1 0
github.com/jfrog/froggit-go/vcsclient/github.go:630.24,632.3 1 0
github.com/jfrog/froggit-go/vcsclient/github.go:634.2,636.72 3 0
github.com/jfrog/froggit-go/vcsclient/github.go:636.72,639.3 2 0
github.com/jfrog/froggit-go/vcsclient/github.go:640.2,640.16 1 0
github.com/jfrog/froggit-go/vcsclient/github.go:640.16,642.3 1 0
github.com/jfrog/froggit-go/vcsclient/github.go:643.2,643.23 1 0
github.com/jfrog/froggit-go/vcsclient/github.go:643.23,645.3 1 0
github.com/jfrog/froggit-go/vcsclient/github.go:647.2,649.35 2 0
github.com/jfrog/froggit-go/vcsclient/github.go:649.35,650.73 1 0
github.com/jfrog/froggit-go/vcsclient/github.go:650.73,653.4 2 0
github.com/jfrog/froggit-go/vcsclient/github.go:654.3,654.17 1 0
github.com/jfrog/froggit-go/vcsclient/github.go:654.17,656.4 1 0
github.com/jfrog/froggit-go/vcsclient/github.go:658.2,658.12 1 0
github.com/jfrog/froggit-go/vcsclient/github.go:661.204,665.38 3 0
github.com/jfrog/froggit-go/vcsclient/github.go:665.38,667.3 1 0
github.com/jfrog/froggit-go/vcsclient/github.go:668.2,675.16 2 0
github.com/jfrog/froggit-go/vcsclient/github.go:675.16,678.3 1 0
github.com/jfrog/froggit-go/vcsclient/github.go:679.2,679.24 1 0
github.com/jfrog/froggit-go/vcsclient/github.go:683.148,685.16 2 0
github.com/jfrog/froggit-go/vcsclient/github.go:685.16,687.3 1 0
github.com/jfrog/froggit-go/vcsclient/github.go:689.2,690.72 2 0
github.com/jfrog/froggit-go/vcsclient/github.go:690.72,694.3 3 0
github.com/jfrog/froggit-go/vcsclient/github.go:695.2,695.30 1 0
github.com/jfrog/froggit-go/vcsclient/github.go:699.154,701.16 2 0
github.com/jfrog/froggit-go/vcsclient/github.go:701.16,703.3 1 0
github.com/jfrog/froggit-go/vcsclient/github.go:706.2,709.6 3 0
github.com/jfrog/froggit-go/vcsclient/github.go:709.6,712.73 3 0
github.com/jfrog/froggit-go/vcsclient/github.go:712.73,715.4 2 0
github.com/jfrog/froggit-go/vcsclient/github.go:716.3,716.17 1 0
github.com/jfrog/froggit-go/vcsclient/github.go:716.17,718.4 1 0
github.com/jfrog/froggit-go/vcsclient/github.go:720.3,722.25 2 0
github.com/jfrog/froggit-go/vcsclient/github.go:722.25,723.9 1 0
github.com/jfrog/froggit-go/vcsclient/github.go:725.3,725.28 1 0
github.com/jfrog/froggit-go/vcsclient/github.go:729.2,734.6 3 0
github.com/jfrog/froggit-go/vcsclient/github.go:734.6,737.73 3 0
github.com/jfrog/froggit-go/vcsclient/github.go:737.73,740.4 2 0
github.com/jfrog/froggit-go/vcsclient/github.go:741.3,741.17 1 0
github.com/jfrog/froggit-go/vcsclient/github.go:741.17,743.4 1 0
github.com/jfrog/froggit-go/vcsclient/github.go:745.3,747.25 2 0
github.com/jfrog/froggit-go/vcsclient/github.go:747.25,748.9 1 0
github.com/jfrog/froggit-go/vcsclient/github.go:750.3,750.35 1 0
github.com/jfrog/froggit-go/vcsclient/github.go:754.2,755.38 2 0
github.com/jfrog/froggit-go/vcsclient/github.go:755.38,756.44 1 0
github.com/jfrog/froggit-go/vcsclient/github.go:756.44,759.4 2 0
github.com/jfrog/froggit-go/vcsclient/github.go:762.2,763.33 2 0
github.com/jfrog/froggit-go/vcsclient/github.go:763.33,774.61 2 0
github.com/jfrog/froggit-go/vcsclient/github.go:774.61,775.37 1 0
github.com/jfrog/froggit-go/vcsclient/github.go:775.37,778.59 2 0
github.com/jfrog/froggit-go/vcsclient/github.go:778.59,781.6 1 0
github.com/jfrog/froggit-go/vcsclient/github.go:783.5,794.81 2 0
github.com/jfrog/froggit-go/vcsclient/github.go:798.3,798.51 1 0
github.com/jfrog/froggit-go/vcsclient/github.go:801.2,801.25 1 0
github.com/jfrog/froggit-go/vcsclient/github.go:804.173,812.6 4 0
github.com/jfrog/froggit-go/vcsclient/github.go:812.6,814.17 2 0
github.com/jfrog/froggit-go/vcsclient/github.go:814.17,816.4 1 0
github.com/jfrog/froggit-go/vcsclient/github.go:818.3,821.31 3 0
github.com/jfrog/froggit-go/vcsclient/github.go:821.31,822.9 1 0
github.com/jfrog/froggit-go/vcsclient/github.go:824.3,824.34 1 0
github.com/jfrog/froggit-go/vcsclient/github.go:828.2,829.38 2 0
github.com/jfrog/froggit-go/vcsclient/github.go:829.38,835.3 1 0
github.com/jfrog/froggit-go/vcsclient/github.go:836.2,836.40 1 0
github.com/jfrog/froggit-go/vcsclient/github.go:840.142,842.16 2 0
github.com/jfrog/froggit-go/vcsclient/github.go:842.16,844.3 1 0
github.com/jfrog/froggit-go/vcsclient/github.go:847.2,852.6 3 0
github.com/jfrog/froggit-go/vcsclient/github.go:852.6,855.73 3 0
github.com/jfrog/froggit-go/vcsclient/github.go:855.73,858.4 2 0
github.com/jfrog/froggit-go/vcsclient/github.go:859.3,859.17 1 0
github.com/jfrog/froggit-go/vcsclient/github.go:859.17,861.4 1 0
github.com/jfrog/froggit-go/vcsclient/github.go:863.3,865.25 2 0
github.com/jfrog/froggit-go/vcsclient/github.go:865.25,866.9 1 0
github.com/jfrog/froggit-go/vcsclient/github.go:868.3,868.28 1 0
github.com/jfrog/froggit-go/vcsclient/github.go:871.2,871.61 1 0
github.com/jfrog/froggit-go/vcsclient/github.go:875.146,876.35 1 0
github.com/jfrog/froggit-go/vcsclient/github.go:876.35,879.17 3 0
github.com/jfrog/froggit-go/vcsclient/github.go:879.17,881.4 1 0
github.com/jfrog/froggit-go/vcsclient/github.go:883.3,883.73 1 0
github.com/jfrog/froggit-go/vcsclient/github.go:883.73,885.4 1 0
github.com/jfrog/froggit-go/vcsclient/github.go:886.3,886.17 1 0
github.com/jfrog/froggit-go/vcsclient/github.go:886.17,888.4 1 0
github.com/jfrog/froggit-go/vcsclient/github.go:891.2,891.12 1 0
github.com/jfrog/froggit-go/vcsclient/github.go:894.157,896.16 2 0
github.com/jfrog/froggit-go/vcsclient/github.go:896.16,898.3 1 0
github.com/jfrog/froggit-go/vcsclient/github.go:899.2,899.24 1 0
github.com/jfrog/froggit-go/vcsclient/github.go:903.125,905.16 2 0
github.com/jfrog/froggit-go/vcsclient/github.go:905.16,907.3 1 0
github.com/jfrog/froggit-go/vcsclient/github.go:908.2,908.73 1 0
github.com/jfrog/froggit-go/vcsclient/github.go:908.73,910.3 1 0
github.com/jfrog/froggit-go/vcsclient/github.go:913.149,915.16 2 0
github.com/jfrog/froggit-go/vcsclient/github.go:915.16,917.3 1 0
github.com/jfrog/froggit-go/vcsclient/github.go:919.2,920.32 2 0
github.com/jfrog/froggit-go/vcsclient/github.go:920.32,922.3 1 0
github.com/jfrog/froggit-go/vcsclient/github.go:923.2,923.71 1 0
github.com/jfrog/froggit-go/vcsclient/github.go:923.71,925.3 1 0
github.com/jfrog/froggit-go/vcsclient/github.go:927.2,927.24 1 0
github.com/jfrog/froggit-go/vcsclient/github.go:931.120,933.16 2 0
github.com/jfrog/froggit-go/vcsclient/github.go:933.16,935.3 1 0
github.com/jfrog/froggit-go/vcsclient/github.go:936.2,937.22 2 0
github.com/jfrog/froggit-go/vcsclient/github.go:937.22,939.3 1 0
github.com/jfrog/froggit-go/vcsclient/github.go:940.2,940.26 1 0
github.com/jfrog/froggit-go/vcsclient/github.go:944.117,950.16 2 0
github.com/jfrog/froggit-go/vcsclient/github.go:950.16,952.3 1 0
github.com/jfrog/froggit-go/vcsclient/github.go:954.2,955.72 2 0
github.com/jfrog/froggit-go/vcsclient/github.go:955.72,966.3 4 0
github.com/jfrog/froggit-go/vcsclient/github.go:967.2,967.25 1 0
github.com/jfrog/froggit-go/vcsclient/github.go:971.161,976.16 2 0
github.com/jfrog/froggit-go/vcsclient/github.go:976.16,978.3 1 0
github.com/jfrog/froggit-go/vcsclient/github.go:979.2,980.72 2 0
github.com/jfrog/froggit-go/vcsclient/github.go:980.72,984.3 3 0
github.com/jfrog/froggit-go/vcsclient/github.go:985.2,985.25 1 0
github.com/jfrog/froggit-go/vcsclient/github.go:988.103,997.2 1 0
github.com/jfrog/froggit-go/vcsclient/github.go:999.174,1001.16 2 0
github.com/jfrog/froggit-go/vcsclient/github.go:1001.16,1003.3 1 0
github.com/jfrog/froggit-go/vcsclient/github.go:1005.2,1006.33 2 0
github.com/jfrog/froggit-go/vcsclient/github.go:1006.33,1009.3 2 0
github.com/jfrog/froggit-go/vcsclient/github.go:1010.2,1010.37 1 0
github.com/jfrog/froggit-go/vcsclient/github.go:1014.118,1016.16 2 0
github.com/jfrog/froggit-go/vcsclient/github.go:1016.16,1018.3 1 0
github.com/jfrog/froggit-go/vcsclient/github.go:1020.2,1021.72 2 0
github.com/jfrog/froggit-go/vcsclient/github.go:1021.72,1025.3 3 0
github.com/jfrog/froggit-go/vcsclient/github.go:1026.2,1026.16 1 0
github.com/jfrog/froggit-go/vcsclient/github.go:1026.16,1028.3 1 0
github.com/jfrog/froggit-go/vcsclient/github.go:1030.2,1030.158 1 0
github.com/jfrog/froggit-go/vcsclient/github.go:1034.116,1040.16 2 0
github.com/jfrog/froggit-go/vcsclient/github.go:1040.16,1042.3 1 0
github.com/jfrog/froggit-go/vcsclient/github.go:1044.2,1045.72 2 0
github.com/jfrog/froggit-go/vcsclient/github.go:1045.72,1049.3 3 0
github.com/jfrog/froggit-go/vcsclient/github.go:1050.2,1050.16 1 0
github.com/jfrog/froggit-go/vcsclient/github.go:1050.16,1052.3 1 0
github.com/jfrog/froggit-go/vcsclient/github.go:1054.2,1054.49 1 0
github.com/jfrog/froggit-go/vcsclient/github.go:1058.115,1060.16 2 0
github.com/jfrog/froggit-go/vcsclient/github.go:1060.16,1062.3 1 0
github.com/jfrog/froggit-go/vcsclient/github.go:1064.2,1064.73 1 0
github.com/jfrog/froggit-go/vcsclient/github.go:1064.73,1072.3 3 0
github.com/jfrog/froggit-go/vcsclient/github.go:1076.111,1078.16 2 0
github.com/jfrog/froggit-go/vcsclient/github.go:1078.16,1080.3 1 0
github.com/jfrog/froggit-go/vcsclient/github.go:1082.2,1083.72 2 0
github.com/jfrog/froggit-go/vcsclient/github.go:1083.72,1087.3 3 0
github.com/jfrog/froggit-go/vcsclient/github.go:1088.2,1088.23 1 0
github.com/jfrog/froggit-go/vcsclient/github.go:1091.136,1093.16 2 0
github.com/jfrog/froggit-go/vcsclient/github.go:1093.16,1094.111 1 0
github.com/jfrog/froggit-go/vcsclient/github.go:1094.111,1096.4 1 0
github.com/jfrog/froggit-go/vcsclient/github.go:1097.3,1097.30 1 0
github.com/jfrog/froggit-go/vcsclient/github.go:1100.2,1105.35 2 0
github.com/jfrog/froggit-go/vcsclient/github.go:1109.135,1111.16 2 0
github.com/jfrog/froggit-go/vcsclient/github.go:1111.16,1113.3 1 0
github.com/jfrog/froggit-go/vcsclient/github.go:1115.2,1116.34 2 0
github.com/jfrog/froggit-go/vcsclient/github.go:1116.34,1120.73 4 0
github.com/jfrog/froggit-go/vcsclient/github.go:1120.73,1123.4 2 0
github.com/jfrog/froggit-go/vcsclient/github.go:1124.3,1124.17 1 0
github.com/jfrog/froggit-go/vcsclient/github.go:1124.17,1126.4 1 0
github.com/jfrog/froggit-go/vcsclient/github.go:1127.3,1127.32 1 0
github.com/jfrog/froggit-go/vcsclient/github.go:1127.32,1129.4 1 0
github.com/jfrog/froggit-go/vcsclient/github.go:1130.3,1130.40 1 0
github.com/jfrog/froggit-go/vcsclient/github.go:1130.40,1131.9 1 0
github.com/jfrog/froggit-go/vcsclient/github.go:1134.2,1134.21 1 0
github.com/jfrog/froggit-go/vcsclient/github.go:1137.158,1139.16 2 0
github.com/jfrog/froggit-go/vcsclient/github.go:1139.16,1141.3 1 0
github.com/jfrog/froggit-go/vcsclient/github.go:1143.2,1144.90 2 0
github.com/jfrog/froggit-go/vcsclient/github.go:1144.90,1147.3 2 0
github.com/jfrog/froggit-go/vcsclient/github.go:1147.17,1149.3 1 0
github.com/jfrog/froggit-go/vcsclient/github.go:1150.2,1150.64 1 0
github.com/jfrog/froggit-go/vcsclient/github.go:1154.126,1156.16 2 0
github.com/jfrog/froggit-go/vcsclient/github.go:1156.16,1158.3 1 0
github.com/jfrog/froggit-go/vcsclient/github.go:1160.2,1160.73 1 0
github.com/jfrog/froggit-go/vcsclient/github.go:1160.73,1162.3 1 0
github.com/jfrog/froggit-go/vcsclient/github.go:1166.140,1168.16 2 0
github.com/jfrog/froggit-go/vcsclient/github.go:1168.16,1170.3 1 0
github.com/jfrog/froggit-go/vcsclient/github.go:1172.2,1176.72 4 0
github.com/jfrog/froggit-go/vcsclient/github.go:1176.72,1180.3 3 0
github.com/jfrog/froggit-go/vcsclient/github.go:1181.2,1181.8 1 0
github.com/jfrog/froggit-go/vcsclient/github.go:1184.187,1186.16 2 0
github.com/jfrog/froggit-go/vcsclient/github.go:1186.16,1188.3 1 0
github.com/jfrog/froggit-go/vcsclient/github.go:1190.2,1198.73 2 0
github.com/jfrog/froggit-go/vcsclient/github.go:1198.73,1200.3 1 0
github.com/jfrog/froggit-go/vcsclient/github.go:1202.2,1203.8 2 0
github.com/jfrog/froggit-go/vcsclient/github.go:1206.67,1207.41 1 0
github.com/jfrog/froggit-go/vcsclient/github.go:1207.41,1209.3 1 0
github.com/jfrog/froggit-go/vcsclient/github.go:1210.2,1210.11 1 0
github.com/jfrog/froggit-go/vcsclient/github.go:1214.155,1215.72 1 0
github.com/jfrog/froggit-go/vcsclient/github.go:1215.72,1219.3 3 0
github.com/jfrog/froggit-go/vcsclient/github.go:1221.2,1221.8 1 0
github.com/jfrog/froggit-go/vcsclient/github.go:1224.191,1226.53 2 0
github.com/jfrog/froggit-go/vcsclient/github.go:1226.53,1228.3 1 0
github.com/jfrog/froggit-go/vcsclient/github.go:1230.2,1231.16 2 0
github.com/jfrog/froggit-go/vcsclient/github.go:1231.16,1232.34 1 0
github.com/jfrog/froggit-go/vcsclient/github.go:1232.34,1234.4 1 0
github.com/jfrog/froggit-go/vcsclient/github.go:1235.3,1235.9 1 0
github.com/jfrog/froggit-go/vcsclient/github.go:1238.2,1238.24 1 0
github.com/jfrog/froggit-go/vcsclient/github.go:1238.24,1241.17 3 0
github.com/jfrog/froggit-go/vcsclient/github.go:1241.17,1243.4 1 0
github.com/jfrog/froggit-go/vcsclient/github.go:1244.3,1244.31 1 0
github.com/jfrog/froggit-go/vcsclient/github.go:1246.2,1246.8 1 0
github.com/jfrog/froggit-go/vcsclient/github.go:1250.146,1252.16 2 0
github.com/jfrog/froggit-go/vcsclient/github.go:1252.16,1254.3 1 0
github.com/jfrog/froggit-go/vcsclient/github.go:1256.2,1257.72 2 0
github.com/jfrog/froggit-go/vcsclient/github.go:1257.72,1261.3 3 0
github.com/jfrog/froggit-go/vcsclient/github.go:1262.2,1262.32 1 0
github.com/jfrog/froggit-go/vcsclient/github.go:1265.120,1267.16 2 0
github.com/jfrog/froggit-go/vcsclient/github.go:1267.16,1269.3 1 0
github.com/jfrog/froggit-go/vcsclient/github.go:1271.2,1272.72 2 0
github.com/jfrog/froggit-go/vcsclient/github.go:1272.72,1275.17 3 0
github.com/jfrog/froggit-go/vcsclient/github.go:1275.17,1277.4 1 0
github.com/jfrog/froggit-go/vcsclient/github.go:1278.3,1278.18 1 0
github.com/jfrog/froggit-go/vcsclient/github.go:1280.2,1280.16 1 0
github.com/jfrog/froggit-go/vcsclient/github.go:1280.16,1282.3 1 0
github.com/jfrog/froggit-go/vcsclient/github.go:1284.2,1284.28 1 0
github.com/jfrog/froggit-go/vcsclient/github.go:1284.28,1286.3 1 0
github.com/jfrog/froggit-go/vcsclient/github.go:1287.2,1287.35 1 0
github.com/jfrog/froggit-go/vcsclient/github.go:1287.35,1289.3 1 0
github.com/jfrog/froggit-go/vcsclient/github.go:1291.2,1298.73 4 0
github.com/jfrog/froggit-go/vcsclient/github.go:1298.73,1300.17 2 0
github.com/jfrog/froggit-go/vcsclient/github.go:1300.17,1302.4 1 0
github.com/jfrog/froggit-go/vcsclient/github.go:1303.3,1303.18 1 0
github.com/jfrog/froggit-go/vcsclient/github.go:1307.117,1309.16 2 0
github.com/jfrog/froggit-go/vcsclient/github.go:1309.16,1311.3 1 0
github.com/jfrog/froggit-go/vcsclient/github.go:1313.2,1314.16 2 0
github.com/jfrog/froggit-go/vcsclient/github.go:1314.16,1316.3 1 0
github.com/jfrog/froggit-go/vcsclient/github.go:1318.2,1319.16 2 0
github.com/jfrog/froggit-go/vcsclient/github.go:1319.16,1321.3 1 0
github.com/jfrog/froggit-go/vcsclient/github.go:1323.2,1330.72 2 0
github.com/jfrog/froggit-go/vcsclient/github.go:1330.72,1333.3 2 0
github.com/jfrog/froggit-go/vcsclient/github.go:1334.2,1334.12 1 0
github.com/jfrog/froggit-go/vcsclient/github.go:1337.117,1339.16 2 0
github.com/jfrog/froggit-go/vcsclient/github.go:1339.16,1341.3 1 0
github.com/jfrog/froggit-go/vcsclient/github.go:1343.2,1349.72 2 0
github.com/jfrog/froggit-go/vcsclient/github.go:1349.72,1352.3 2 0
github.com/jfrog/froggit-go/vcsclient/github.go:1353.2,1353.12 1 0
github.com/jfrog/froggit-go/vcsclient/github.go:1356.85,1358.16 2 0
github.com/jfrog/froggit-go/vcsclient/github.go:1358.16,1360.3 1 0
github.com/jfrog/froggit-go/vcsclient/github.go:1362.2,1367.72 2 0
github.com/jfrog/froggit-go/vcsclient/github.go:1367.72,1370.3 2 0
github.com/jfrog/froggit-go/vcsclient/github.go:1371.2,1371.12 1 0
github.com/jfrog/froggit-go/vcsclient/github.go:1374.134,1376.16 2 0
github.com/jfrog/froggit-go/vcsclient/github.go:1376.16,1378.3 1 0
github.com/jfrog/froggit-go/vcsclient/github.go:1380.2,1381.72 2 0
github.com/jfrog/froggit-go/vcsclient/github.go:1381.72,1389.3 4 0
[...]
github.com/jfrog/froggit-go/vcsclient/gitlab.go:259.174,269.2 4 0
github.com/jfrog/froggit-go/vcsclient/gitlab.go:272.132,274.2 1 0
github.com/jfrog/froggit-go/vcsclient/gitlab.go:277.124,279.2 1 0
github.com/jfrog/froggit-go/vcsclient/gitlab.go:281.138,289.16 5 0
github.com/jfrog/froggit-go/vcsclient/gitlab.go:289.16,291.3 1 0
github.com/jfrog/froggit-go/vcsclient/gitlab.go:292.2,292.102 1 0
github.com/jfrog/froggit-go/vcsclient/gitlab.go:296.157,299.16 3 0
github.com/jfrog/froggit-go/vcsclient/gitlab.go:299.16,301.3 1 0
github.com/jfrog/froggit-go/vcsclient/gitlab.go:302.2,302.23 1 0
github.com/jfrog/froggit-go/vcsclient/gitlab.go:302.23,303.97 1 0
github.com/jfrog/froggit-go/vcsclient/gitlab.go:303.97,305.4 1 0
github.com/jfrog/froggit-go/vcsclient/gitlab.go:307.2,308.8 2 0
github.com/jfrog/froggit-go/vcsclient/gitlab.go:312.115,314.2 1 0
github.com/jfrog/froggit-go/vcsclient/gitlab.go:317.119,319.2 1 0
github.com/jfrog/froggit-go/vcsclient/gitlab.go:322.136,324.2 1 0
github.com/jfrog/froggit-go/vcsclient/gitlab.go:327.132,329.16 2 0
github.com/jfrog/froggit-go/vcsclient/gitlab.go:329.16,331.3 1 0
github.com/jfrog/froggit-go/vcsclient/gitlab.go:332.2,338.12 3 0
github.com/jfrog/froggit-go/vcsclient/gitlab.go:342.162,344.112 1 0
github.com/jfrog/froggit-go/vcsclient/gitlab.go:344.112,346.3 1 0
github.com/jfrog/froggit-go/vcsclient/gitlab.go:349.2,349.24 1 0
github.com/jfrog/froggit-go/vcsclient/gitlab.go:349.24,351.3 1 0
github.com/jfrog/froggit-go/vcsclient/gitlab.go:353.2,357.16 3 0
github.com/jfrog/froggit-go/vcsclient/gitlab.go:357.16,359.3 1 0
github.com/jfrog/froggit-go/vcsclient/gitlab.go:362.2,363.16 2 0
github.com/jfrog/froggit-go/vcsclient/gitlab.go:363.16,365.3 1 0
github.com/jfrog/froggit-go/vcsclient/gitlab.go:367.2,367.35 1 0
github.com/jfrog/froggit-go/vcsclient/gitlab.go:367.35,368.130 1 0
github.com/jfrog/froggit-go/vcsclient/gitlab.go:368.130,370.4 1 0
github.com/jfrog/froggit-go/vcsclient/gitlab.go:373.2,373.12 1 0
github.com/jfrog/froggit-go/vcsclient/gitlab.go:376.158,379.2 2 0
github.com/jfrog/froggit-go/vcsclient/gitlab.go:381.143,384.2 2 0
github.com/jfrog/froggit-go/vcsclient/gitlab.go:386.241,392.43 4 0
github.com/jfrog/froggit-go/vcsclient/gitlab.go:392.43,393.42 1 0
github.com/jfrog/froggit-go/vcsclient/gitlab.go:393.42,394.12 1 0
github.com/jfrog/froggit-go/vcsclient/gitlab.go:397.3,402.20 4 0
github.com/jfrog/froggit-go/vcsclient/gitlab.go:402.20,404.4 1 0
github.com/jfrog/froggit-go/vcsclient/gitlab.go:405.3,405.8 1 0
github.com/jfrog/froggit-go/vcsclient/gitlab.go:409.2,409.16 1 0
github.com/jfrog/froggit-go/vcsclient/gitlab.go:409.16,411.3 1 0
github.com/jfrog/froggit-go/vcsclient/gitlab.go:414.2,439.16 5 0
github.com/jfrog/froggit-go/vcsclient/gitlab.go:439.16,445.3 4 0
github.com/jfrog/froggit-go/vcsclient/gitlab.go:448.2,448.16 1 0
github.com/jfrog/froggit-go/vcsclient/gitlab.go:448.16,450.3 1 0
github.com/jfrog/froggit-go/vcsclient/gitlab.go:452.2,452.12 1 0
github.com/jfrog/froggit-go/vcsclient/gitlab.go:455.205,460.2 1 0
github.com/jfrog/froggit-go/vcsclient/gitlab.go:463.148,465.158 1 0
github.com/jfrog/froggit-go/vcsclient/gitlab.go:465.158,467.3 1 0
github.com/jfrog/froggit-go/vcsclient/gitlab.go:469.2,472.16 3 0
github.com/jfrog/froggit-go/vcsclient/gitlab.go:472.16,474.3 1 0
github.com/jfrog/froggit-go/vcsclient/gitlab.go:476.2,477.41 2 0
github.com/jfrog/froggit-go/vcsclient/gitlab.go:477.41,479.3 1 0
github.com/jfrog/froggit-go/vcsclient/gitlab.go:481.2,481.26 1 0
github.com/jfrog/froggit-go/vcsclient/gitlab.go:485.142,486.158 1 0
github.com/jfrog/froggit-go/vcsclient/gitlab.go:486.158,488.3 1 0
github.com/jfrog/froggit-go/vcsclient/gitlab.go:489.2,491.16 2 0
github.com/jfrog/froggit-go/vcsclient/gitlab.go:491.16,493.3 1 0
github.com/jfrog/froggit-go/vcsclient/gitlab.go:494.2,494.63 1 0
github.com/jfrog/froggit-go/vcsclient/gitlab.go:498.158,499.158 1 0
github.com/jfrog/froggit-go/vcsclient/gitlab.go:499.158,501.3 1 0
github.com/jfrog/froggit-go/vcsclient/gitlab.go:502.2,502.35 1 0
github.com/jfrog/froggit-go/vcsclient/gitlab.go:502.35,504.152 2 0
github.com/jfrog/froggit-go/vcsclient/gitlab.go:504.152,506.4 1 0
github.com/jfrog/froggit-go/vcsclient/gitlab.go:507.3,507.196 1 0
github.com/jfrog/froggit-go/vcsclient/gitlab.go:507.196,509.4 1 0
github.com/jfrog/froggit-go/vcsclient/gitlab.go:511.2,511.12 1 0
github.com/jfrog/froggit-go/vcsclient/gitlab.go:515.137,516.112 1 0
github.com/jfrog/froggit-go/vcsclient/gitlab.go:516.112,518.3 1 0
github.com/jfrog/froggit-go/vcsclient/gitlab.go:519.2,519.156 1 0
github.com/jfrog/froggit-go/vcsclient/gitlab.go:519.156,521.3 1 0
github.com/jfrog/froggit-go/vcsclient/gitlab.go:522.2,522.12 1 0
github.com/jfrog/froggit-go/vcsclient/gitlab.go:526.120,528.16 2 0
github.com/jfrog/froggit-go/vcsclient/gitlab.go:528.16,530.3 1 0
github.com/jfrog/froggit-go/vcsclient/gitlab.go:532.2,532.22 1 0
github.com/jfrog/froggit-go/vcsclient/gitlab.go:532.22,534.3 1 0
github.com/jfrog/froggit-go/vcsclient/gitlab.go:536.2,536.103 1 0
github.com/jfrog/froggit-go/vcsclient/gitlab.go:540.117,546.16 2 0
github.com/jfrog/froggit-go/vcsclient/gitlab.go:546.16,548.3 1 0
github.com/jfrog/froggit-go/vcsclient/gitlab.go:550.2,557.79 2 0
github.com/jfrog/froggit-go/vcsclient/gitlab.go:560.161,565.16 2 0
github.com/jfrog/froggit-go/vcsclient/gitlab.go:565.16,567.3 1 0
github.com/jfrog/froggit-go/vcsclient/gitlab.go:569.2,569.108 1 0
github.com/jfrog/froggit-go/vcsclient/gitlab.go:572.93,582.2 2 0
github.com/jfrog/froggit-go/vcsclient/gitlab.go:584.161,586.16 2 0
github.com/jfrog/froggit-go/vcsclient/gitlab.go:586.16,588.3 1 0
github.com/jfrog/froggit-go/vcsclient/gitlab.go:590.2,591.33 2 0
github.com/jfrog/froggit-go/vcsclient/gitlab.go:591.33,594.3 2 0
github.com/jfrog/froggit-go/vcsclient/gitlab.go:595.2,595.25 1 0
github.com/jfrog/froggit-go/vcsclient/gitlab.go:599.118,601.16 2 0
github.com/jfrog/froggit-go/vcsclient/gitlab.go:601.16,603.3 1 0
github.com/jfrog/froggit-go/vcsclient/gitlab.go:605.2,606.16 2 0
github.com/jfrog/froggit-go/vcsclient/gitlab.go:606.16,608.3 1 0
github.com/jfrog/froggit-go/vcsclient/gitlab.go:610.2,610.165 1 0
github.com/jfrog/froggit-go/vcsclient/gitlab.go:614.116,620.16 2 0
github.com/jfrog/froggit-go/vcsclient/gitlab.go:620.16,622.3 1 0
github.com/jfrog/froggit-go/vcsclient/gitlab.go:624.2,625.16 2 0
github.com/jfrog/froggit-go/vcsclient/gitlab.go:625.16,627.3 1 0
github.com/jfrog/froggit-go/vcsclient/gitlab.go:628.2,628.49 1 0
github.com/jfrog/froggit-go/vcsclient/gitlab.go:632.115,634.16 2 0
github.com/jfrog/froggit-go/vcsclient/gitlab.go:634.16,636.3 1 0
github.com/jfrog/froggit-go/vcsclient/gitlab.go:638.2,644.12 2 0
github.com/jfrog/froggit-go/vcsclient/gitlab.go:648.111,650.16 2 0
github.com/jfrog/froggit-go/vcsclient/gitlab.go:650.16,652.3 1 0
github.com/jfrog/froggit-go/vcsclient/gitlab.go:654.2,655.16 2 0
github.com/jfrog/froggit-go/vcsclient/gitlab.go:655.16,657.3 1 0
github.com/jfrog/froggit-go/vcsclient/gitlab.go:659.2,659.31 1 0
github.com/jfrog/froggit-go/vcsclient/gitlab.go:659.31,660.25 1 0
github.com/jfrog/froggit-go/vcsclient/gitlab.go:660.25,666.4 1 0
github.com/jfrog/froggit-go/vcsclient/gitlab.go:669.2,669.17 1 0
github.com/jfrog/froggit-go/vcsclient/gitlab.go:673.135,675.16 2 0
github.com/jfrog/froggit-go/vcsclient/gitlab.go:675.16,677.3 1 0
github.com/jfrog/froggit-go/vcsclient/gitlab.go:678.2,680.16 2 0
github.com/jfrog/froggit-go/vcsclient/gitlab.go:680.16,682.3 1 0
github.com/jfrog/froggit-go/vcsclient/gitlab.go:684.2,684.33 1 0
github.com/jfrog/froggit-go/vcsclient/gitlab.go:688.127,690.16 2 0
github.com/jfrog/froggit-go/vcsclient/gitlab.go:690.16,692.3 1 0
github.com/jfrog/froggit-go/vcsclient/gitlab.go:693.2,697.12 3 0
github.com/jfrog/froggit-go/vcsclient/gitlab.go:701.123,703.2 1 0
github.com/jfrog/froggit-go/vcsclient/gitlab.go:706.128,708.2 1 0
github.com/jfrog/froggit-go/vcsclient/gitlab.go:711.130,714.53 3 0
github.com/jfrog/froggit-go/vcsclient/gitlab.go:714.53,716.3 1 0
github.com/jfrog/froggit-go/vcsclient/gitlab.go:717.2,717.16 1 0
github.com/jfrog/froggit-go/vcsclient/gitlab.go:717.16,719.3 1 0
github.com/jfrog/froggit-go/vcsclient/gitlab.go:720.2,720.33 1 0
github.com/jfrog/froggit-go/vcsclient/gitlab.go:720.33,722.3 1 0
github.com/jfrog/froggit-go/vcsclient/gitlab.go:723.2,724.17 2 0
github.com/jfrog/froggit-go/vcsclient/gitlab.go:724.17,726.3 1 0
github.com/jfrog/froggit-go/vcsclient/gitlab.go:727.2,727.33 1 0
github.com/jfrog/froggit-go/vcsclient/gitlab.go:730.130,736.17 1 0
github.com/jfrog/froggit-go/vcsclient/gitlab.go:736.17,738.3 1 0
github.com/jfrog/froggit-go/vcsclient/gitlab.go:742.2,746.16 2 0
github.com/jfrog/froggit-go/vcsclient/gitlab.go:746.16,748.3 1 0
github.com/jfrog/froggit-go/vcsclient/gitlab.go:750.2,751.37 2 0
github.com/jfrog/froggit-go/vcsclient/gitlab.go:751.37,754.3 2 0
github.com/jfrog/froggit-go/vcsclient/gitlab.go:755.2,758.27 4 0
github.com/jfrog/froggit-go/vcsclient/gitlab.go:761.154,763.16 2 0
github.com/jfrog/froggit-go/vcsclient/gitlab.go:763.16,765.3 1 0
github.com/jfrog/froggit-go/vcsclient/gitlab.go:767.2,769.16 3 0
github.com/jfrog/froggit-go/vcsclient/gitlab.go:769.16,771.3 1 0
github.com/jfrog/froggit-go/vcsclient/gitlab.go:773.2,774.33 2 0
github.com/jfrog/froggit-go/vcsclient/gitlab.go:774.33,782.3 1 0
github.com/jfrog/froggit-go/vcsclient/gitlab.go:784.2,784.25 1 0
github.com/jfrog/froggit-go/vcsclient/gitlab.go:787.158,789.16 2 0
github.com/jfrog/froggit-go/vcsclient/gitlab.go:789.16,791.3 1 0
github.com/jfrog/froggit-go/vcsclient/gitlab.go:793.2,795.16 3 0
github.com/jfrog/froggit-go/vcsclient/gitlab.go:795.16,797.3 1 0
github.com/jfrog/froggit-go/vcsclient/gitlab.go:798.2,798.98 1 0
github.com/jfrog/froggit-go/vcsclient/gitlab.go:801.120,803.2 1 0
github.com/jfrog/froggit-go/vcsclient/gitlab.go:805.85,807.2 1 0
github.com/jfrog/froggit-go/vcsclient/gitlab.go:809.117,811.2 1 0
github.com/jfrog/froggit-go/vcsclient/gitlab.go:813.117,815.2 1 0
github.com/jfrog/froggit-go/vcsclient/gitlab.go:817.171,819.2 1 0
github.com/jfrog/froggit-go/vcsclient/gitlab.go:821.134,823.2 1 0
github.com/jfrog/froggit-go/vcsclient/gitlab.go:825.135,827.2 1 0
github.com/jfrog/froggit-go/vcsclient/gitlab.go:829.142,831.2 1 0
github.com/jfrog/froggit-go/vcsclient/gitlab.go:833.129,835.2 1 0
github.com/jfrog/froggit-go/vcsclient/gitlab.go:837.182,839.2 1 0
github.com/jfrog/froggit-go/vcsclient/gitlab.go:841.132,843.2 1 0
github.com/jfrog/froggit-go/vcsclient/gitlab.go:845.49,847.2 1 0
github.com/jfrog/froggit-go/vcsclient/gitlab.go:849.118,851.45 2 0
github.com/jfrog/froggit-go/vcsclient/gitlab.go:851.45,852.23 1 0
github.com/jfrog/froggit-go/vcsclient/gitlab.go:853.85,854.38 1 0
github.com/jfrog/froggit-go/vcsclient/gitlab.go:855.22,857.43 2 0
github.com/jfrog/froggit-go/vcsclient/gitlab.go:858.48,859.32 1 0
github.com/jfrog/froggit-go/vcsclient/gitlab.go:862.2,862.16 1 0
github.com/jfrog/froggit-go/vcsclient/gitlab.go:865.79,866.28 1 0
github.com/jfrog/froggit-go/vcsclient/gitlab.go:867.31,868.16 1 0
github.com/jfrog/froggit-go/vcsclient/gitlab.go:869.33,870.18 1 0
github.com/jfrog/froggit-go/vcsclient/gitlab.go:871.10,872.17 1 0
github.com/jfrog/froggit-go/vcsclient/gitlab.go:876.60,877.21 1 0
github.com/jfrog/froggit-go/vcsclient/gitlab.go:878.12,879.19 1 0
github.com/jfrog/froggit-go/vcsclient/gitlab.go:880.12,881.18 1 0
github.com/jfrog/froggit-go/vcsclient/gitlab.go:882.13,883.18 1 0
github.com/jfrog/froggit-go/vcsclient/gitlab.go:884.18,885.19 1 0
github.com/jfrog/froggit-go/vcsclient/gitlab.go:887.2,887.11 1 0
github.com/jfrog/froggit-go/vcsclient/gitlab.go:890.68,901.2 1 0
github.com/jfrog/froggit-go/vcsclient/gitlab.go:903.101,904.29 1 0
github.com/jfrog/froggit-go/vcsclient/gitlab.go:904.29,911.3 1 0
github.com/jfrog/froggit-go/vcsclient/gitlab.go:912.2,912.8 1 0
github.com/jfrog/froggit-go/vcsclient/gitlab.go:915.186,916.45 1 0
github.com/jfrog/froggit-go/vcsclient/gitlab.go:916.45,918.131 2 0
github.com/jfrog/froggit-go/vcsclient/gitlab.go:918.131,920.4 1 0
github.com/jfrog/froggit-go/vcsclient/gitlab.go:921.3,921.38 1 0
github.com/jfrog/froggit-go/vcsclient/gitlab.go:923.2,923.8 1 0
github.com/jfrog/froggit-go/vcsclient/gitlab.go:926.169,928.14 2 0
github.com/jfrog/froggit-go/vcsclient/gitlab.go:928.14,930.3 1 0
github.com/jfrog/froggit-go/vcsclient/gitlab.go:931.2,933.66 3 0
github.com/jfrog/froggit-go/vcsclient/gitlab.go:933.66,934.94 1 0
github.com/jfrog/froggit-go/vcsclient/gitlab.go:934.94,936.4 1 0
github.com/jfrog/froggit-go/vcsclient/gitlab.go:939.2,955.8 1 0
github.com/jfrog/froggit-go/vcsclient/gitlab.go:958.80,960.16 2 0
github.com/jfrog/froggit-go/vcsclient/gitlab.go:960.16,962.3 1 0
github.com/jfrog/froggit-go/vcsclient/gitlab.go:963.2,963.23 1 0
github.com/jfrog/froggit-go/vcsclient/gitlab.go:963.23,964.97 1 0
github.com/jfrog/froggit-go/vcsclient/gitlab.go:964.97,966.4 1 0
github.com/jfrog/froggit-go/vcsclient/gitlab.go:968.2,968.30 1 0
github.com/jfrog/froggit-go/vcsclient/gitlab.go:968.30,970.3 1 0
github.com/jfrog/froggit-go/vcsclient/gitlab.go:971.2,971.36 1 0
github.com/jfrog/froggit-go/vcsclient/gitlab.go:974.74,976.16 2 0
github.com/jfrog/froggit-go/vcsclient/gitlab.go:977.21,978.30 1 0
github.com/jfrog/froggit-go/vcsclient/gitlab.go:979.23,980.29 1 0
github.com/jfrog/froggit-go/vcsclient/gitlab.go:981.10,982.13 1 0
github.com/jfrog/froggit-go/vcsclient/gitlab.go:984.2,984.26 1 0
github.com/jfrog/froggit-go/vcsclient/gitlab.go:988.83,990.2 1 0
github.com/jfrog/froggit-go/vcsclient/gitlab.go:993.93,995.16 2 0
github.com/jfrog/froggit-go/vcsclient/gitlab.go:995.16,997.3 1 0
github.com/jfrog/froggit-go/vcsclient/gitlab.go:999.2,1002.16 2 0
github.com/jfrog/froggit-go/vcsclient/gitlab.go:1002.16,1004.3 1 0
github.com/jfrog/froggit-go/vcsclient/gitlab.go:1006.2,1006.21 1 0
github.com/jfrog/froggit-go/vcsclient/gitlab.go:1006.21,1008.3 1 0
github.com/jfrog/froggit-go/vcsclient/gitlab.go:1010.2,1017.8 2 0
github.com/jfrog/froggit-go/vcsclient/oauth.go:52.124,58.20 5 0
github.com/jfrog/froggit-go/vcsclient/oauth.go:58.20,60.3 1 0
github.com/jfrog/froggit-go/vcsclient/oauth.go:62.2,62.24 1 0
github.com/jfrog/froggit-go/vcsclient/oauth.go:62.24,64.3 1 0
github.com/jfrog/froggit-go/vcsclient/oauth.go:66.2,66.22 1 0
github.com/jfrog/froggit-go/vcsclient/oauth.go:66.22,68.3 1 0
github.com/jfrog/froggit-go/vcsclient/oauth.go:70.2,70.19 1 0
github.com/jfrog/froggit-go/vcsclient/oauth.go:70.19,72.3 1 0
github.com/jfrog/froggit-go/vcsclient/oauth.go:75.2,76.16 2 0
github.com/jfrog/froggit-go/vcsclient/oauth.go:76.16,78.3 1 0
github.com/jfrog/froggit-go/vcsclient/oauth.go:79.2,99.8 6 0
github.com/jfrog/froggit-go/vcsclient/oauth.go:104.67,109.16 3 0
github.com/jfrog/froggit-go/vcsclient/oauth.go:109.16,112.3 2 0
github.com/jfrog/froggit-go/vcsclient/oauth.go:113.2,127.17 8 0
github.com/jfrog/froggit-go/vcsclient/oauth.go:133.76,137.21 3 0
github.com/jfrog/froggit-go/vcsclient/oauth.go:137.21,139.3 1 0
github.com/jfrog/froggit-go/vcsclient/oauth.go:141.2,152.12 5 0
github.com/jfrog/froggit-go/vcsclient/oauth.go:152.12,154.90 2 0
github.com/jfrog/froggit-go/vcsclient/oauth.go:154.90,157.4 2 0
github.com/jfrog/froggit-go/vcsclient/oauth.go:160.2,160.12 1 0
github.com/jfrog/froggit-go/vcsclient/oauth.go:166.84,175.58 6 0
github.com/jfrog/froggit-go/vcsclient/oauth.go:175.58,183.3 6 0
github.com/jfrog/froggit-go/vcsclient/oauth.go:186.2,191.30 5 0
github.com/jfrog/froggit-go/vcsclient/oauth.go:191.30,197.3 5 0
github.com/jfrog/froggit-go/vcsclient/oauth.go:200.2,202.16 3 0
github.com/jfrog/froggit-go/vcsclient/oauth.go:202.16,208.3 5 0
github.com/jfrog/froggit-go/vcsclient/oauth.go:211.2,221.16 8 0
github.com/jfrog/froggit-go/vcsclient/oauth.go:221.16,228.3 6 0
github.com/jfrog/froggit-go/vcsclient/oauth.go:230.2,237.70 6 0
github.com/jfrog/froggit-go/vcsclient/oauth.go:237.70,243.3 5 0
github.com/jfrog/froggit-go/vcsclient/oauth.go:245.2,258.12 7 0
github.com/jfrog/froggit-go/vcsclient/oauth.go:258.12,261.3 2 0
github.com/jfrog/froggit-go/vcsclient/oauth.go:265.102,268.13 2 0
github.com/jfrog/froggit-go/vcsclient/oauth.go:268.13,296.3 3 0
github.com/jfrog/froggit-go/vcsclient/oauth.go:296.8,327.3 4 0
github.com/jfrog/froggit-go/vcsclient/oauth.go:333.89,340.9 4 0
github.com/jfrog/froggit-go/vcsclient/oauth.go:341.30,343.20 2 0
github.com/jfrog/froggit-go/vcsclient/oauth.go:344.26,346.18 2 0
github.com/jfrog/froggit-go/vcsclient/oauth.go:347.27,350.79 3 0
github.com/jfrog/froggit-go/vcsclient/oauth.go:355.56,359.49 3 0
github.com/jfrog/froggit-go/vcsclient/oauth.go:359.49,361.3 1 0
github.com/jfrog/froggit-go/vcsclient/oauth.go:363.2,368.55 4 0
github.com/jfrog/froggit-go/vcsclient/oauth.go:368.55,371.3 2 0
github.com/jfrog/froggit-go/vcsclient/oauth.go:373.2,375.12 3 0
github.com/jfrog/froggit-go/vcsclient/oauth.go:380.90,386.16 3 0
github.com/jfrog/froggit-go/vcsclient/oauth.go:386.16,388.3 1 0
github.com/jfrog/froggit-go/vcsclient/oauth.go:390.2,391.16 2 0
github.com/jfrog/froggit-go/vcsclient/oauth.go:391.16,393.3 1 0
github.com/jfrog/froggit-go/vcsclient/oauth.go:394.2,396.38 2 0
github.com/jfrog/froggit-go/vcsclient/oauth.go:396.38,398.3 1 0
github.com/jfrog/froggit-go/vcsclient/oauth.go:401.2,408.50 4 0
github.com/jfrog/froggit-go/vcsclient/oauth.go:408.50,409.48 1 0
github.com/jfrog/froggit-go/vcsclient/oauth.go:409.48,411.9 2 0
github.com/jfrog/froggit-go/vcsclient/oauth.go:415.2,415.19 1 0
github.com/jfrog/froggit-go/vcsclient/oauth.go:415.19,417.3 1 0
github.com/jfrog/froggit-go/vcsclient/oauth.go:419.2,420.12 2 0
github.com/jfrog/froggit-go/vcsclient/oauth.go:426.55,428.44 2 0
github.com/jfrog/froggit-go/vcsclient/oauth.go:428.44,430.3 1 0
github.com/jfrog/froggit-go/vcsclient/oauth.go:431.2,431.63 1 0
github.com/jfrog/froggit-go/vcsclient/oauth.go:435.45,438.44 2 0
github.com/jfrog/froggit-go/vcsclient/oauth.go:438.44,440.3 1 0
github.com/jfrog/froggit-go/vcsclient/oauth.go:441.2,441.57 1 0
github.com/jfrog/froggit-go/vcsclient/oauth.go:446.52,449.2 2 0
github.com/jfrog/froggit-go/vcsclient/oauth.go:452.48,453.24 1 0
github.com/jfrog/froggit-go/vcsclient/oauth.go:453.24,455.3 1 0
github.com/jfrog/froggit-go/vcsclient/oauth.go:457.2,458.51 2 0
github.com/jfrog/froggit-go/vcsclient/oauth.go:458.51,460.20 2 0
github.com/jfrog/froggit-go/vcsclient/oauth.go:460.20,462.4 1 0
github.com/jfrog/froggit-go/vcsclient/oauth.go:464.2,464.15 1 0
github.com/jfrog/froggit-go/vcsclient/oauth.go:468.38,469.13 1 0
github.com/jfrog/froggit-go/vcsclient/oauth.go:469.13,471.3 1 0
github.com/jfrog/froggit-go/vcsclient/oauth.go:473.2,475.30 3 0
github.com/jfrog/froggit-go/vcsclient/oauth.go:475.30,476.18 1 0
github.com/jfrog/froggit-go/vcsclient/oauth.go:476.18,479.4 2 0
github.com/jfrog/froggit-go/vcsclient/oauth.go:479.9,481.4 1 0
github.com/jfrog/froggit-go/vcsclient/oauth.go:483.2,484.15 2 0
github.com/jfrog/froggit-go/vcsclient/oauth.go:488.33,492.99 3 0
github.com/jfrog/froggit-go/vcsclient/oauth.go:492.99,494.3 1 0
github.com/jfrog/froggit-go/vcsclient/oauth.go:496.2,496.99 1 0
github.com/jfrog/froggit-go/vcsclient/oauth.go:496.99,498.3 1 0
github.com/jfrog/froggit-go/vcsclient/oauth.go:500.2,500.21 1 0
github.com/jfrog/froggit-go/vcsclient/vcsclient.go:642.76,644.38 2 0
github.com/jfrog/froggit-go/vcsclient/vcsclient.go:644.38,645.33 1 0
github.com/jfrog/froggit-go/vcsclient/vcsclient.go:645.33,647.4 1 0
github.com/jfrog/froggit-go/vcsclient/vcsclient.go:649.2,649.28 1 0
github.com/jfrog/froggit-go/vcsclient/vcsclient.go:649.28,651.3 1 0
github.com/jfrog/froggit-go/vcsclient/vcsclient.go:652.2,652.12 1 0
github.com/jfrog/froggit-go/vcsclient/vcsclient.go:657.66,658.36 1 0
github.com/jfrog/froggit-go/vcsclient/vcsclient.go:659.44,660.14 1 0
github.com/jfrog/froggit-go/vcsclient/vcsclient.go:661.35,662.14 1 0
github.com/jfrog/froggit-go/vcsclient/vcsclient.go:663.31,664.20 1 0
github.com/jfrog/froggit-go/vcsclient/vcsclient.go:665.10,666.15 1 0
github.com/jfrog/froggit-go/vcsclient/vcsclient.go:670.63,671.23 1 0
github.com/jfrog/froggit-go/vcsclient/vcsclient.go:671.23,673.3 1 0
github.com/jfrog/froggit-go/vcsclient/vcsclient.go:674.2,674.25 1 0
